<!DOCTYPE html>
<html>
  <head>
    <meta charset="utf-8"/>
    <title id="head-title">report.html</title>
      <style type="text/css">body {
  font-family: Helvetica, Arial, sans-serif;
  font-size: 12px;
  /* do not increase min-width as some may use split screens */
  min-width: 800px;
  color: #999;
}

h1 {
  font-size: 24px;
  color: black;
}

h2 {
  font-size: 16px;
  color: black;
}

p {
  color: black;
}

a {
  color: #999;
}

table {
  border-collapse: collapse;
}

/******************************
 * SUMMARY INFORMATION
 ******************************/
#environment td {
  padding: 5px;
  border: 1px solid #e6e6e6;
  vertical-align: top;
}
#environment tr:nth-child(odd) {
  background-color: #f6f6f6;
}
#environment ul {
  margin: 0;
  padding: 0 20px;
}

/******************************
 * TEST RESULT COLORS
 ******************************/
span.passed,
.passed .col-result {
  color: green;
}

span.skipped,
span.xfailed,
span.rerun,
.skipped .col-result,
.xfailed .col-result,
.rerun .col-result {
  color: orange;
}

span.error,
span.failed,
span.xpassed,
.error .col-result,
.failed .col-result,
.xpassed .col-result {
  color: red;
}

.col-links__extra {
  margin-right: 3px;
}

/******************************
 * RESULTS TABLE
 *
 * 1. Table Layout
 * 2. Extra
 * 3. Sorting items
 *
 ******************************/
/*------------------
 * 1. Table Layout
 *------------------*/
#results-table {
  border: 1px solid #e6e6e6;
  color: #999;
  font-size: 12px;
  width: 100%;
}
#results-table th,
#results-table td {
  padding: 5px;
  border: 1px solid #e6e6e6;
  text-align: left;
}
#results-table th {
  font-weight: bold;
}

/*------------------
 * 2. Extra
 *------------------*/
.logwrapper {
  max-height: 230px;
  overflow-y: scroll;
  background-color: #e6e6e6;
}
.logwrapper.expanded {
  max-height: none;
}
.logwrapper.expanded .logexpander:after {
  content: "collapse [-]";
}
.logwrapper .logexpander {
  z-index: 1;
  position: sticky;
  top: 10px;
  width: max-content;
  border: 1px solid;
  border-radius: 3px;
  padding: 5px 7px;
  margin: 10px 0 10px calc(100% - 80px);
  cursor: pointer;
  background-color: #e6e6e6;
}
.logwrapper .logexpander:after {
  content: "expand [+]";
}
.logwrapper .logexpander:hover {
  color: #000;
  border-color: #000;
}
.logwrapper .log {
  min-height: 40px;
  position: relative;
  top: -50px;
  height: calc(100% + 50px);
  border: 1px solid #e6e6e6;
  color: black;
  display: block;
  font-family: "Courier New", Courier, monospace;
  padding: 5px;
  padding-right: 80px;
  white-space: pre-wrap;
}

div.media {
  border: 1px solid #e6e6e6;
  float: right;
  height: 240px;
  margin: 0 5px;
  overflow: hidden;
  width: 320px;
}

.media-container {
  display: grid;
  grid-template-columns: 25px auto 25px;
  align-items: center;
  flex: 1 1;
  overflow: hidden;
  height: 200px;
}

.media-container--fullscreen {
  grid-template-columns: 0px auto 0px;
}

.media-container__nav--right,
.media-container__nav--left {
  text-align: center;
  cursor: pointer;
}

.media-container__viewport {
  cursor: pointer;
  text-align: center;
  height: inherit;
}
.media-container__viewport img,
.media-container__viewport video {
  object-fit: cover;
  width: 100%;
  max-height: 100%;
}

.media__name,
.media__counter {
  display: flex;
  flex-direction: row;
  justify-content: space-around;
  flex: 0 0 25px;
  align-items: center;
}

.collapsible td:not(.col-links) {
  cursor: pointer;
}
.collapsible td:not(.col-links):hover::after {
  color: #bbb;
  font-style: italic;
  cursor: pointer;
}

.col-result {
  width: 130px;
}
.col-result:hover::after {
  content: " (hide details)";
}

.col-result.collapsed:hover::after {
  content: " (show details)";
}

#environment-header h2:hover::after {
  content: " (hide details)";
  color: #bbb;
  font-style: italic;
  cursor: pointer;
  font-size: 12px;
}

#environment-header.collapsed h2:hover::after {
  content: " (show details)";
  color: #bbb;
  font-style: italic;
  cursor: pointer;
  font-size: 12px;
}

/*------------------
 * 3. Sorting items
 *------------------*/
.sortable {
  cursor: pointer;
}
.sortable.desc:after {
  content: " ";
  position: relative;
  left: 5px;
  bottom: -12.5px;
  border: 10px solid #4caf50;
  border-bottom: 0;
  border-left-color: transparent;
  border-right-color: transparent;
}
.sortable.asc:after {
  content: " ";
  position: relative;
  left: 5px;
  bottom: 12.5px;
  border: 10px solid #4caf50;
  border-top: 0;
  border-left-color: transparent;
  border-right-color: transparent;
}

.hidden, .summary__reload__button.hidden {
  display: none;
}

.summary__data {
  flex: 0 0 550px;
}
.summary__reload {
  flex: 1 1;
  display: flex;
  justify-content: center;
}
.summary__reload__button {
  flex: 0 0 300px;
  display: flex;
  color: white;
  font-weight: bold;
  background-color: #4caf50;
  text-align: center;
  justify-content: center;
  align-items: center;
  border-radius: 3px;
  cursor: pointer;
}
.summary__reload__button:hover {
  background-color: #46a049;
}
.summary__spacer {
  flex: 0 0 550px;
}

.controls {
  display: flex;
  justify-content: space-between;
}

.filters,
.collapse {
  display: flex;
  align-items: center;
}
.filters button,
.collapse button {
  color: #999;
  border: none;
  background: none;
  cursor: pointer;
  text-decoration: underline;
}
.filters button:hover,
.collapse button:hover {
  color: #ccc;
}

.filter__label {
  margin-right: 10px;
}

      </style>
    
  </head>
  <body>
    <h1 id="title">report.html</h1>
    <p>Report generated on 18-Dec-2023 at 16:34:50 by <a href="https://pypi.python.org/pypi/pytest-html">pytest-html</a>
        v4.1.1</p>
    <div id="environment-header">
      <h2>Environment</h2>
    </div>
    <table id="environment"></table>
    <!-- TEMPLATES -->
      <template id="template_environment_row">
      <tr>
        <td></td>
        <td></td>
      </tr>
    </template>
    <template id="template_results-table__body--empty">
      <tbody class="results-table-row">
        <tr id="not-found-message">
          <td colspan="4">No results found. Check the filters.</th>
        </tr>
    </template>
    <template id="template_results-table__tbody">
      <tbody class="results-table-row">
        <tr class="collapsible">
        </tr>
        <tr class="extras-row">
          <td class="extra" colspan="4">
            <div class="extraHTML"></div>
            <div class="media">
              <div class="media-container">
                  <div class="media-container__nav--left"><</div>
                  <div class="media-container__viewport">
                    <img src="" />
                    <video controls>
                      <source src="" type="video/mp4">
                    </video>
                  </div>
                  <div class="media-container__nav--right">></div>
                </div>
                <div class="media__name"></div>
                <div class="media__counter"></div>
            </div>
            <div class="logwrapper">
              <div class="logexpander"></div>
              <div class="log"></div>
            </div>
          </td>
        </tr>
      </tbody>
    </template>
    <!-- END TEMPLATES -->
    <div class="summary">
      <div class="summary__data">
        <h2>Summary</h2>
        <div class="additional-summary prefix">
        </div>
        <p class="run-count">2 tests took 00:00:48.</p>
        <p class="filter">(Un)check the boxes to filter the results.</p>
        <div class="summary__reload">
          <div class="summary__reload__button hidden" onclick="location.reload()">
            <div>There are still tests running. <br />Reload this page to get the latest results!</div>
          </div>
        </div>
        <div class="summary__spacer"></div>
        <div class="controls">
          <div class="filters">
            <input checked="true" class="filter" name="filter_checkbox" type="checkbox" data-test-result="failed" />
            <span class="failed">2 Failed,</span>
            <input checked="true" class="filter" name="filter_checkbox" type="checkbox" data-test-result="passed" disabled/>
            <span class="passed">0 Passed,</span>
            <input checked="true" class="filter" name="filter_checkbox" type="checkbox" data-test-result="skipped" disabled/>
            <span class="skipped">0 Skipped,</span>
            <input checked="true" class="filter" name="filter_checkbox" type="checkbox" data-test-result="xfailed" disabled/>
            <span class="xfailed">0 Expected failures,</span>
            <input checked="true" class="filter" name="filter_checkbox" type="checkbox" data-test-result="xpassed" disabled/>
            <span class="xpassed">0 Unexpected passes,</span>
            <input checked="true" class="filter" name="filter_checkbox" type="checkbox" data-test-result="error" disabled/>
            <span class="error">0 Errors,</span>
            <input checked="true" class="filter" name="filter_checkbox" type="checkbox" data-test-result="rerun" disabled/>
            <span class="rerun">0 Reruns</span>
          </div>
          <div class="collapse">
            <button id="show_all_details">Show all details</button>&nbsp;/&nbsp;<button id="hide_all_details">Hide all details</button>
          </div>
        </div>
      </div>
      <div class="additional-summary summary">
      </div>
      <div class="additional-summary postfix">
      </div>
    </div>
    <table id="results-table">
      <thead id="results-table-head">
        <tr>
          <th class="sortable" data-column-type="result">Result</th>
          <th class="sortable" data-column-type="testId">Test</th>
          <th class="sortable" data-column-type="duration">Duration</th>
          <th>Links</th>
        </tr>
      </thead>
    </table>
  </body>
  <footer>
    <div id="data-container" data-jsonblob="{&#34;environment&#34;: {&#34;Python&#34;: &#34;3.10.1&#34;, &#34;Platform&#34;: &#34;Windows-10-10.0.19045-SP0&#34;, &#34;Packages&#34;: {&#34;pytest&#34;: &#34;7.4.3&#34;, &#34;pluggy&#34;: &#34;1.3.0&#34;}, &#34;Plugins&#34;: {&#34;html&#34;: &#34;4.1.1&#34;, &#34;metadata&#34;: &#34;3.0.0&#34;}}, &#34;tests&#34;: {&#34;testcases/test_searchflights.py::TestSearchFlightsAndVerifyFilter::test_search_flights_1___New_Delhi____New____25_12_2023____1_Stop__&#34;: [{&#34;extras&#34;: [], &#34;result&#34;: &#34;Failed&#34;, &#34;testId&#34;: &#34;testcases/test_searchflights.py::TestSearchFlightsAndVerifyFilter::test_search_flights_1___New_Delhi____New____25_12_2023____1_Stop__&#34;, &#34;duration&#34;: &#34;00:00:28&#34;, &#34;resultsTableRow&#34;: [&#34;&lt;td class=\&#34;col-result\&#34;&gt;Failed&lt;/td&gt;&#34;, &#34;&lt;td class=\&#34;col-testId\&#34;&gt;testcases/test_searchflights.py::TestSearchFlightsAndVerifyFilter::test_search_flights_1___New_Delhi____New____25_12_2023____1_Stop__&lt;/td&gt;&#34;, &#34;&lt;td class=\&#34;col-duration\&#34;&gt;00:00:28&lt;/td&gt;&#34;, &#34;&lt;td class=\&#34;col-links\&#34;&gt;&lt;/td&gt;&#34;], &#34;log&#34;: &#34;self = &amp;lt;testcases.test_searchflights.TestSearchFlightsAndVerifyFilter testMethod=test_search_flights_1___New_Delhi____New____25_12_2023____1_Stop__&amp;gt;\ngoingfrom = &amp;#x27;New Delhi&amp;#x27;, goingto = &amp;#x27;New&amp;#x27;, date = &amp;#x27;25/12/2023&amp;#x27;, stops = &amp;#x27;1 Stop&amp;#x27;\n\n    @data(*Utils.read_date_from_csv(&amp;quot;D:\\\\Python_Selenium\\\\DemoTestFramework\\\\testdata\\\\tcdatacsv.csv&amp;quot;))\n    @unpack\n    def test_search_flights(self, goingfrom, goingto, date, stops):\n        obj_search_flight_result = self.obj_lp.searchFlights(goingfrom, goingto, date)\n        obj_search_flight_result.enterFilterButton()\n        obj_search_flight_result.scroll_page(self.driver)\n        list_ele = obj_search_flight_result.getFilterResults()\n&amp;gt;       self.obj_ut.assert_ele_from_list(list_ele, stops)\n\ntestcases\\test_searchflights.py:33: \n_ _ _ _ _ _ _ _ _ _ _ _ _ _ _ _ _ _ _ _ _ _ _ _ _ _ _ _ _ _ _ _ _ _ _ _ _ _ _ _ _ _ _ _ _ _ _ _ _ _ _ _ _ _ _ _ _ _ _ _ _ _ _ _ _ _ _ _ _ _ _ _ _ _ _ _ _ _ _ _ _ _ _ _\nutilities\\utils.py:18: in assert_ele_from_list\n    self.assert_all()\nC:\\Python310\\lib\\site-packages\\softest\\case.py:139: in assert_all\n    self.fail(&amp;#x27;&amp;#x27;.join(failure_output))\nE   AssertionError: ++++ soft assert failure details follow below ++++\nE   \nE   ++++++++++++++++++++++++++++++++++++++++++++++++++++++++++++++++++++++\nE   The following 8 failures were found in &amp;quot;wrapper&amp;quot; (utilities.utils.Utils):\nE   +----------------------+----------------------+----------------------+\nE    Failure 1 (&amp;quot;wrapper&amp;quot; method)\nE   +----------------------+----------------------+----------------------+\nE   Traceback (most recent call last):\nE     File &amp;quot;D:\\Python_Selenium\\DemoTestFramework\\utilities\\utils.py&amp;quot;, line 13, in assert_ele_from_list\nE       self.soft_assert(self.assertEqual, ele.text, value)\nE     File &amp;quot;D:\\Python_Selenium\\DemoTestFramework\\testcases\\test_searchflights.py&amp;quot;, line 33, in test_search_flights\nE       self.obj_ut.assert_ele_from_list(list_ele, stops)\nE     File &amp;quot;C:\\Python310\\lib\\site-packages\\ddt.py&amp;quot;, line 225, in wrapper\nE       return func(self, *args, **kwargs)\nE     File &amp;quot;C:\\Python310\\lib\\site-packages\\softest\\case.py&amp;quot;, line 62, in soft_assert\nE       assert_method(*arguments, **keywords)\nE     File &amp;quot;C:\\Python310\\lib\\unittest\\case.py&amp;quot;, line 845, in assertEqual\nE       assertion_func(first, second, msg=msg)\nE     File &amp;quot;C:\\Python310\\lib\\unittest\\case.py&amp;quot;, line 1226, in assertMultiLineEqual\nE       self.fail(self._formatMessage(msg, standardMsg))\nE     File &amp;quot;C:\\Python310\\lib\\unittest\\case.py&amp;quot;, line 675, in fail\nE       raise self.failureException(msg)\nE   AssertionError: &amp;#x27;&amp;#x27; != &amp;#x27;1 Stop&amp;#x27;\nE   + 1 Stop\nE   \nE   -+ [1/8] +-\nE   \nE   +----------------------+----------------------+----------------------+\nE    Failure 2 (&amp;quot;wrapper&amp;quot; method)\nE   +----------------------+----------------------+----------------------+\nE   Traceback (most recent call last):\nE     File &amp;quot;D:\\Python_Selenium\\DemoTestFramework\\utilities\\utils.py&amp;quot;, line 13, in assert_ele_from_list\nE       self.soft_assert(self.assertEqual, ele.text, value)\nE     File &amp;quot;D:\\Python_Selenium\\DemoTestFramework\\testcases\\test_searchflights.py&amp;quot;, line 33, in test_search_flights\nE       self.obj_ut.assert_ele_from_list(list_ele, stops)\nE     File &amp;quot;C:\\Python310\\lib\\site-packages\\ddt.py&amp;quot;, line 225, in wrapper\nE       return func(self, *args, **kwargs)\nE     File &amp;quot;C:\\Python310\\lib\\site-packages\\softest\\case.py&amp;quot;, line 62, in soft_assert\nE       assert_method(*arguments, **keywords)\nE     File &amp;quot;C:\\Python310\\lib\\unittest\\case.py&amp;quot;, line 845, in assertEqual\nE       assertion_func(first, second, msg=msg)\nE     File &amp;quot;C:\\Python310\\lib\\unittest\\case.py&amp;quot;, line 1226, in assertMultiLineEqual\nE       self.fail(self._formatMessage(msg, standardMsg))\nE     File &amp;quot;C:\\Python310\\lib\\unittest\\case.py&amp;quot;, line 675, in fail\nE       raise self.failureException(msg)\nE   AssertionError: &amp;#x27;&amp;#x27; != &amp;#x27;1 Stop&amp;#x27;\nE   + 1 Stop\nE   \nE   -+ [2/8] +-\nE   \nE   +----------------------+----------------------+----------------------+\nE    Failure 3 (&amp;quot;wrapper&amp;quot; method)\nE   +----------------------+----------------------+----------------------+\nE   Traceback (most recent call last):\nE     File &amp;quot;D:\\Python_Selenium\\DemoTestFramework\\utilities\\utils.py&amp;quot;, line 13, in assert_ele_from_list\nE       self.soft_assert(self.assertEqual, ele.text, value)\nE     File &amp;quot;D:\\Python_Selenium\\DemoTestFramework\\testcases\\test_searchflights.py&amp;quot;, line 33, in test_search_flights\nE       self.obj_ut.assert_ele_from_list(list_ele, stops)\nE     File &amp;quot;C:\\Python310\\lib\\site-packages\\ddt.py&amp;quot;, line 225, in wrapper\nE       return func(self, *args, **kwargs)\nE     File &amp;quot;C:\\Python310\\lib\\site-packages\\softest\\case.py&amp;quot;, line 62, in soft_assert\nE       assert_method(*arguments, **keywords)\nE     File &amp;quot;C:\\Python310\\lib\\unittest\\case.py&amp;quot;, line 845, in assertEqual\nE       assertion_func(first, second, msg=msg)\nE     File &amp;quot;C:\\Python310\\lib\\unittest\\case.py&amp;quot;, line 1226, in assertMultiLineEqual\nE       self.fail(self._formatMessage(msg, standardMsg))\nE     File &amp;quot;C:\\Python310\\lib\\unittest\\case.py&amp;quot;, line 675, in fail\nE       raise self.failureException(msg)\nE   AssertionError: &amp;#x27;&amp;#x27; != &amp;#x27;1 Stop&amp;#x27;\nE   + 1 Stop\nE   \nE   -+ [3/8] +-\nE   \nE   +----------------------+----------------------+----------------------+\nE    Failure 4 (&amp;quot;wrapper&amp;quot; method)\nE   +----------------------+----------------------+----------------------+\nE   Traceback (most recent call last):\nE     File &amp;quot;D:\\Python_Selenium\\DemoTestFramework\\utilities\\utils.py&amp;quot;, line 13, in assert_ele_from_list\nE       self.soft_assert(self.assertEqual, ele.text, value)\nE     File &amp;quot;D:\\Python_Selenium\\DemoTestFramework\\testcases\\test_searchflights.py&amp;quot;, line 33, in test_search_flights\nE       self.obj_ut.assert_ele_from_list(list_ele, stops)\nE     File &amp;quot;C:\\Python310\\lib\\site-packages\\ddt.py&amp;quot;, line 225, in wrapper\nE       return func(self, *args, **kwargs)\nE     File &amp;quot;C:\\Python310\\lib\\site-packages\\softest\\case.py&amp;quot;, line 62, in soft_assert\nE       assert_method(*arguments, **keywords)\nE     File &amp;quot;C:\\Python310\\lib\\unittest\\case.py&amp;quot;, line 845, in assertEqual\nE       assertion_func(first, second, msg=msg)\nE     File &amp;quot;C:\\Python310\\lib\\unittest\\case.py&amp;quot;, line 1226, in assertMultiLineEqual\nE       self.fail(self._formatMessage(msg, standardMsg))\nE     File &amp;quot;C:\\Python310\\lib\\unittest\\case.py&amp;quot;, line 675, in fail\nE       raise self.failureException(msg)\nE   AssertionError: &amp;#x27;&amp;#x27; != &amp;#x27;1 Stop&amp;#x27;\nE   + 1 Stop\nE   \nE   -+ [4/8] +-\nE   \nE   +----------------------+----------------------+----------------------+\nE    Failure 5 (&amp;quot;wrapper&amp;quot; method)\nE   +----------------------+----------------------+----------------------+\nE   Traceback (most recent call last):\nE     File &amp;quot;D:\\Python_Selenium\\DemoTestFramework\\utilities\\utils.py&amp;quot;, line 13, in assert_ele_from_list\nE       self.soft_assert(self.assertEqual, ele.text, value)\nE     File &amp;quot;D:\\Python_Selenium\\DemoTestFramework\\testcases\\test_searchflights.py&amp;quot;, line 33, in test_search_flights\nE       self.obj_ut.assert_ele_from_list(list_ele, stops)\nE     File &amp;quot;C:\\Python310\\lib\\site-packages\\ddt.py&amp;quot;, line 225, in wrapper\nE       return func(self, *args, **kwargs)\nE     File &amp;quot;C:\\Python310\\lib\\site-packages\\softest\\case.py&amp;quot;, line 62, in soft_assert\nE       assert_method(*arguments, **keywords)\nE     File &amp;quot;C:\\Python310\\lib\\unittest\\case.py&amp;quot;, line 845, in assertEqual\nE       assertion_func(first, second, msg=msg)\nE     File &amp;quot;C:\\Python310\\lib\\unittest\\case.py&amp;quot;, line 1226, in assertMultiLineEqual\nE       self.fail(self._formatMessage(msg, standardMsg))\nE     File &amp;quot;C:\\Python310\\lib\\unittest\\case.py&amp;quot;, line 675, in fail\nE       raise self.failureException(msg)\nE   AssertionError: &amp;#x27;&amp;#x27; != &amp;#x27;1 Stop&amp;#x27;\nE   + 1 Stop\nE   \nE   -+ [5/8] +-\nE   \nE   +----------------------+----------------------+----------------------+\nE    Failure 6 (&amp;quot;wrapper&amp;quot; method)\nE   +----------------------+----------------------+----------------------+\nE   Traceback (most recent call last):\nE     File &amp;quot;D:\\Python_Selenium\\DemoTestFramework\\utilities\\utils.py&amp;quot;, line 13, in assert_ele_from_list\nE       self.soft_assert(self.assertEqual, ele.text, value)\nE     File &amp;quot;D:\\Python_Selenium\\DemoTestFramework\\testcases\\test_searchflights.py&amp;quot;, line 33, in test_search_flights\nE       self.obj_ut.assert_ele_from_list(list_ele, stops)\nE     File &amp;quot;C:\\Python310\\lib\\site-packages\\ddt.py&amp;quot;, line 225, in wrapper\nE       return func(self, *args, **kwargs)\nE     File &amp;quot;C:\\Python310\\lib\\site-packages\\softest\\case.py&amp;quot;, line 62, in soft_assert\nE       assert_method(*arguments, **keywords)\nE     File &amp;quot;C:\\Python310\\lib\\unittest\\case.py&amp;quot;, line 845, in assertEqual\nE       assertion_func(first, second, msg=msg)\nE     File &amp;quot;C:\\Python310\\lib\\unittest\\case.py&amp;quot;, line 1226, in assertMultiLineEqual\nE       self.fail(self._formatMessage(msg, standardMsg))\nE     File &amp;quot;C:\\Python310\\lib\\unittest\\case.py&amp;quot;, line 675, in fail\nE       raise self.failureException(msg)\nE   AssertionError: &amp;#x27;&amp;#x27; != &amp;#x27;1 Stop&amp;#x27;\nE   + 1 Stop\nE   \nE   -+ [6/8] +-\nE   \nE   +----------------------+----------------------+----------------------+\nE    Failure 7 (&amp;quot;wrapper&amp;quot; method)\nE   +----------------------+----------------------+----------------------+\nE   Traceback (most recent call last):\nE     File &amp;quot;D:\\Python_Selenium\\DemoTestFramework\\utilities\\utils.py&amp;quot;, line 13, in assert_ele_from_list\nE       self.soft_assert(self.assertEqual, ele.text, value)\nE     File &amp;quot;D:\\Python_Selenium\\DemoTestFramework\\testcases\\test_searchflights.py&amp;quot;, line 33, in test_search_flights\nE       self.obj_ut.assert_ele_from_list(list_ele, stops)\nE     File &amp;quot;C:\\Python310\\lib\\site-packages\\ddt.py&amp;quot;, line 225, in wrapper\nE       return func(self, *args, **kwargs)\nE     File &amp;quot;C:\\Python310\\lib\\site-packages\\softest\\case.py&amp;quot;, line 62, in soft_assert\nE       assert_method(*arguments, **keywords)\nE     File &amp;quot;C:\\Python310\\lib\\unittest\\case.py&amp;quot;, line 845, in assertEqual\nE       assertion_func(first, second, msg=msg)\nE     File &amp;quot;C:\\Python310\\lib\\unittest\\case.py&amp;quot;, line 1226, in assertMultiLineEqual\nE       self.fail(self._formatMessage(msg, standardMsg))\nE     File &amp;quot;C:\\Python310\\lib\\unittest\\case.py&amp;quot;, line 675, in fail\nE       raise self.failureException(msg)\nE   AssertionError: &amp;#x27;&amp;#x27; != &amp;#x27;1 Stop&amp;#x27;\nE   + 1 Stop\nE   \nE   -+ [7/8] +-\nE   \nE   +----------------------+----------------------+----------------------+\nE    Failure 8 (&amp;quot;wrapper&amp;quot; method)\nE   +----------------------+----------------------+----------------------+\nE   Traceback (most recent call last):\nE     File &amp;quot;D:\\Python_Selenium\\DemoTestFramework\\utilities\\utils.py&amp;quot;, line 13, in assert_ele_from_list\nE       self.soft_assert(self.assertEqual, ele.text, value)\nE     File &amp;quot;D:\\Python_Selenium\\DemoTestFramework\\testcases\\test_searchflights.py&amp;quot;, line 33, in test_search_flights\nE       self.obj_ut.assert_ele_from_list(list_ele, stops)\nE     File &amp;quot;C:\\Python310\\lib\\site-packages\\ddt.py&amp;quot;, line 225, in wrapper\nE       return func(self, *args, **kwargs)\nE     File &amp;quot;C:\\Python310\\lib\\site-packages\\softest\\case.py&amp;quot;, line 62, in soft_assert\nE       assert_method(*arguments, **keywords)\nE     File &amp;quot;C:\\Python310\\lib\\unittest\\case.py&amp;quot;, line 845, in assertEqual\nE       assertion_func(first, second, msg=msg)\nE     File &amp;quot;C:\\Python310\\lib\\unittest\\case.py&amp;quot;, line 1226, in assertMultiLineEqual\nE       self.fail(self._formatMessage(msg, standardMsg))\nE     File &amp;quot;C:\\Python310\\lib\\unittest\\case.py&amp;quot;, line 675, in fail\nE       raise self.failureException(msg)\nE   AssertionError: &amp;#x27;&amp;#x27; != &amp;#x27;1 Stop&amp;#x27;\nE   + 1 Stop\nE   \nE   -+ [8/8] +-\n\n----------------------------- Captured stdout call -----------------------------\n18\n1 Stop\ntest passed\n\ntest failed\n1 Stop\ntest passed\n\ntest failed\n1 Stop\ntest passed\n\ntest failed\n\ntest failed\n1 Stop\ntest passed\n\ntest failed\n1 Stop\ntest passed\n1 Stop\ntest passed\n1 Stop\ntest passed\n1 Stop\ntest passed\n1 Stop\ntest passed\n\ntest failed\n\ntest failed\n1 Stop\ntest passed\n\ntest failed\n\n----------------------------- Captured stderr call -----------------------------\n--- Logging error ---\nTraceback (most recent call last):\n  File &amp;quot;C:\\Python310\\lib\\logging\\__init__.py&amp;quot;, line 1098, in emit\n    msg = self.format(record)\n  File &amp;quot;C:\\Python310\\lib\\logging\\__init__.py&amp;quot;, line 942, in format\n    return fmt.format(record)\n  File &amp;quot;C:\\Python310\\lib\\logging\\__init__.py&amp;quot;, line 681, in format\n    s = self.formatMessage(record)\n  File &amp;quot;C:\\Python310\\lib\\logging\\__init__.py&amp;quot;, line 650, in formatMessage\n    return self._style.format(record)\n  File &amp;quot;C:\\Python310\\lib\\logging\\__init__.py&amp;quot;, line 440, in format\n    return self._format(record)\n  File &amp;quot;C:\\Python310\\lib\\logging\\__init__.py&amp;quot;, line 436, in _format\n    return self._fmt % values\nTypeError: not enough arguments for format string\nCall stack:\n  File &amp;quot;C:\\Python310\\lib\\runpy.py&amp;quot;, line 196, in _run_module_as_main\n    return _run_code(code, main_globals, None,\n  File &amp;quot;C:\\Python310\\lib\\runpy.py&amp;quot;, line 86, in _run_code\n    exec(code, run_globals)\n  File &amp;quot;C:\\Python310\\lib\\site-packages\\pytest\\__main__.py&amp;quot;, line 5, in &amp;lt;module&amp;gt;\n    raise SystemExit(pytest.console_main())\n  File &amp;quot;C:\\Python310\\lib\\site-packages\\_pytest\\config\\__init__.py&amp;quot;, line 192, in console_main\n    code = main()\n  File &amp;quot;C:\\Python310\\lib\\site-packages\\_pytest\\config\\__init__.py&amp;quot;, line 169, in main\n    ret: Union[ExitCode, int] = config.hook.pytest_cmdline_main(\n  File &amp;quot;C:\\Python310\\lib\\site-packages\\pluggy\\_hooks.py&amp;quot;, line 493, in __call__\n    return self._hookexec(self.name, self._hookimpls, kwargs, firstresult)\n  File &amp;quot;C:\\Python310\\lib\\site-packages\\pluggy\\_manager.py&amp;quot;, line 115, in _hookexec\n    return self._inner_hookexec(hook_name, methods, kwargs, firstresult)\n  File &amp;quot;C:\\Python310\\lib\\site-packages\\pluggy\\_callers.py&amp;quot;, line 77, in _multicall\n    res = hook_impl.function(*args)\n  File &amp;quot;C:\\Python310\\lib\\site-packages\\_pytest\\main.py&amp;quot;, line 318, in pytest_cmdline_main\n    return wrap_session(config, _main)\n  File &amp;quot;C:\\Python310\\lib\\site-packages\\_pytest\\main.py&amp;quot;, line 271, in wrap_session\n    session.exitstatus = doit(config, session) or 0\n  File &amp;quot;C:\\Python310\\lib\\site-packages\\_pytest\\main.py&amp;quot;, line 325, in _main\n    config.hook.pytest_runtestloop(session=session)\n  File &amp;quot;C:\\Python310\\lib\\site-packages\\pluggy\\_hooks.py&amp;quot;, line 493, in __call__\n    return self._hookexec(self.name, self._hookimpls, kwargs, firstresult)\n  File &amp;quot;C:\\Python310\\lib\\site-packages\\pluggy\\_manager.py&amp;quot;, line 115, in _hookexec\n    return self._inner_hookexec(hook_name, methods, kwargs, firstresult)\n  File &amp;quot;C:\\Python310\\lib\\site-packages\\pluggy\\_callers.py&amp;quot;, line 77, in _multicall\n    res = hook_impl.function(*args)\n  File &amp;quot;C:\\Python310\\lib\\site-packages\\_pytest\\main.py&amp;quot;, line 350, in pytest_runtestloop\n    item.config.hook.pytest_runtest_protocol(item=item, nextitem=nextitem)\n  File &amp;quot;C:\\Python310\\lib\\site-packages\\pluggy\\_hooks.py&amp;quot;, line 493, in __call__\n    return self._hookexec(self.name, self._hookimpls, kwargs, firstresult)\n  File &amp;quot;C:\\Python310\\lib\\site-packages\\pluggy\\_manager.py&amp;quot;, line 115, in _hookexec\n    return self._inner_hookexec(hook_name, methods, kwargs, firstresult)\n  File &amp;quot;C:\\Python310\\lib\\site-packages\\pluggy\\_callers.py&amp;quot;, line 77, in _multicall\n    res = hook_impl.function(*args)\n  File &amp;quot;C:\\Python310\\lib\\site-packages\\_pytest\\runner.py&amp;quot;, line 114, in pytest_runtest_protocol\n    runtestprotocol(item, nextitem=nextitem)\n  File &amp;quot;C:\\Python310\\lib\\site-packages\\_pytest\\runner.py&amp;quot;, line 133, in runtestprotocol\n    reports.append(call_and_report(item, &amp;quot;call&amp;quot;, log))\n  File &amp;quot;C:\\Python310\\lib\\site-packages\\_pytest\\runner.py&amp;quot;, line 222, in call_and_report\n    call = call_runtest_hook(item, when, **kwds)\n  File &amp;quot;C:\\Python310\\lib\\site-packages\\_pytest\\runner.py&amp;quot;, line 261, in call_runtest_hook\n    return CallInfo.from_call(\n  File &amp;quot;C:\\Python310\\lib\\site-packages\\_pytest\\runner.py&amp;quot;, line 341, in from_call\n    result: Optional[TResult] = func()\n  File &amp;quot;C:\\Python310\\lib\\site-packages\\_pytest\\runner.py&amp;quot;, line 262, in &amp;lt;lambda&amp;gt;\n    lambda: ihook(item=item, **kwds), when=when, reraise=reraise\n  File &amp;quot;C:\\Python310\\lib\\site-packages\\pluggy\\_hooks.py&amp;quot;, line 493, in __call__\n    return self._hookexec(self.name, self._hookimpls, kwargs, firstresult)\n  File &amp;quot;C:\\Python310\\lib\\site-packages\\pluggy\\_manager.py&amp;quot;, line 115, in _hookexec\n    return self._inner_hookexec(hook_name, methods, kwargs, firstresult)\n  File &amp;quot;C:\\Python310\\lib\\site-packages\\pluggy\\_callers.py&amp;quot;, line 77, in _multicall\n    res = hook_impl.function(*args)\n  File &amp;quot;C:\\Python310\\lib\\site-packages\\_pytest\\runner.py&amp;quot;, line 169, in pytest_runtest_call\n    item.runtest()\n  File &amp;quot;C:\\Python310\\lib\\site-packages\\_pytest\\unittest.py&amp;quot;, line 333, in runtest\n    self._testcase(result=self)  # type: ignore[arg-type]\n  File &amp;quot;C:\\Python310\\lib\\unittest\\case.py&amp;quot;, line 650, in __call__\n    return self.run(*args, **kwds)\n  File &amp;quot;C:\\Python310\\lib\\unittest\\case.py&amp;quot;, line 591, in run\n    self._callTestMethod(testMethod)\n  File &amp;quot;C:\\Python310\\lib\\unittest\\case.py&amp;quot;, line 549, in _callTestMethod\n    method()\n  File &amp;quot;C:\\Python310\\lib\\site-packages\\ddt.py&amp;quot;, line 225, in wrapper\n    return func(self, *args, **kwargs)\n  File &amp;quot;D:\\Python_Selenium\\DemoTestFramework\\testcases\\test_searchflights.py&amp;quot;, line 29, in test_search_flights\n    obj_search_flight_result = self.obj_lp.searchFlights(goingfrom, goingto, date)\n  File &amp;quot;D:\\Python_Selenium\\DemoTestFramework\\pages\\yatra_launch_page.py&amp;quot;, line 71, in searchFlights\n    self.enterDepartFromLocation(departform)\n  File &amp;quot;D:\\Python_Selenium\\DemoTestFramework\\pages\\yatra_launch_page.py&amp;quot;, line 43, in enterDepartFromLocation\n    self.obj_log.info(&amp;quot;Clicked on Depart Form&amp;quot;)\nMessage: &amp;#x27;Clicked on Depart Form&amp;#x27;\nArguments: ()\n--- Logging error ---\nTraceback (most recent call last):\n  File &amp;quot;C:\\Python310\\lib\\logging\\__init__.py&amp;quot;, line 1098, in emit\n    msg = self.format(record)\n  File &amp;quot;C:\\Python310\\lib\\logging\\__init__.py&amp;quot;, line 942, in format\n    return fmt.format(record)\n  File &amp;quot;C:\\Python310\\lib\\logging\\__init__.py&amp;quot;, line 681, in format\n    s = self.formatMessage(record)\n  File &amp;quot;C:\\Python310\\lib\\logging\\__init__.py&amp;quot;, line 650, in formatMessage\n    return self._style.format(record)\n  File &amp;quot;C:\\Python310\\lib\\logging\\__init__.py&amp;quot;, line 440, in format\n    return self._format(record)\n  File &amp;quot;C:\\Python310\\lib\\logging\\__init__.py&amp;quot;, line 436, in _format\n    return self._fmt % values\nTypeError: not enough arguments for format string\nCall stack:\n  File &amp;quot;C:\\Python310\\lib\\runpy.py&amp;quot;, line 196, in _run_module_as_main\n    return _run_code(code, main_globals, None,\n  File &amp;quot;C:\\Python310\\lib\\runpy.py&amp;quot;, line 86, in _run_code\n    exec(code, run_globals)\n  File &amp;quot;C:\\Python310\\lib\\site-packages\\pytest\\__main__.py&amp;quot;, line 5, in &amp;lt;module&amp;gt;\n    raise SystemExit(pytest.console_main())\n  File &amp;quot;C:\\Python310\\lib\\site-packages\\_pytest\\config\\__init__.py&amp;quot;, line 192, in console_main\n    code = main()\n  File &amp;quot;C:\\Python310\\lib\\site-packages\\_pytest\\config\\__init__.py&amp;quot;, line 169, in main\n    ret: Union[ExitCode, int] = config.hook.pytest_cmdline_main(\n  File &amp;quot;C:\\Python310\\lib\\site-packages\\pluggy\\_hooks.py&amp;quot;, line 493, in __call__\n    return self._hookexec(self.name, self._hookimpls, kwargs, firstresult)\n  File &amp;quot;C:\\Python310\\lib\\site-packages\\pluggy\\_manager.py&amp;quot;, line 115, in _hookexec\n    return self._inner_hookexec(hook_name, methods, kwargs, firstresult)\n  File &amp;quot;C:\\Python310\\lib\\site-packages\\pluggy\\_callers.py&amp;quot;, line 77, in _multicall\n    res = hook_impl.function(*args)\n  File &amp;quot;C:\\Python310\\lib\\site-packages\\_pytest\\main.py&amp;quot;, line 318, in pytest_cmdline_main\n    return wrap_session(config, _main)\n  File &amp;quot;C:\\Python310\\lib\\site-packages\\_pytest\\main.py&amp;quot;, line 271, in wrap_session\n    session.exitstatus = doit(config, session) or 0\n  File &amp;quot;C:\\Python310\\lib\\site-packages\\_pytest\\main.py&amp;quot;, line 325, in _main\n    config.hook.pytest_runtestloop(session=session)\n  File &amp;quot;C:\\Python310\\lib\\site-packages\\pluggy\\_hooks.py&amp;quot;, line 493, in __call__\n    return self._hookexec(self.name, self._hookimpls, kwargs, firstresult)\n  File &amp;quot;C:\\Python310\\lib\\site-packages\\pluggy\\_manager.py&amp;quot;, line 115, in _hookexec\n    return self._inner_hookexec(hook_name, methods, kwargs, firstresult)\n  File &amp;quot;C:\\Python310\\lib\\site-packages\\pluggy\\_callers.py&amp;quot;, line 77, in _multicall\n    res = hook_impl.function(*args)\n  File &amp;quot;C:\\Python310\\lib\\site-packages\\_pytest\\main.py&amp;quot;, line 350, in pytest_runtestloop\n    item.config.hook.pytest_runtest_protocol(item=item, nextitem=nextitem)\n  File &amp;quot;C:\\Python310\\lib\\site-packages\\pluggy\\_hooks.py&amp;quot;, line 493, in __call__\n    return self._hookexec(self.name, self._hookimpls, kwargs, firstresult)\n  File &amp;quot;C:\\Python310\\lib\\site-packages\\pluggy\\_manager.py&amp;quot;, line 115, in _hookexec\n    return self._inner_hookexec(hook_name, methods, kwargs, firstresult)\n  File &amp;quot;C:\\Python310\\lib\\site-packages\\pluggy\\_callers.py&amp;quot;, line 77, in _multicall\n    res = hook_impl.function(*args)\n  File &amp;quot;C:\\Python310\\lib\\site-packages\\_pytest\\runner.py&amp;quot;, line 114, in pytest_runtest_protocol\n    runtestprotocol(item, nextitem=nextitem)\n  File &amp;quot;C:\\Python310\\lib\\site-packages\\_pytest\\runner.py&amp;quot;, line 133, in runtestprotocol\n    reports.append(call_and_report(item, &amp;quot;call&amp;quot;, log))\n  File &amp;quot;C:\\Python310\\lib\\site-packages\\_pytest\\runner.py&amp;quot;, line 222, in call_and_report\n    call = call_runtest_hook(item, when, **kwds)\n  File &amp;quot;C:\\Python310\\lib\\site-packages\\_pytest\\runner.py&amp;quot;, line 261, in call_runtest_hook\n    return CallInfo.from_call(\n  File &amp;quot;C:\\Python310\\lib\\site-packages\\_pytest\\runner.py&amp;quot;, line 341, in from_call\n    result: Optional[TResult] = func()\n  File &amp;quot;C:\\Python310\\lib\\site-packages\\_pytest\\runner.py&amp;quot;, line 262, in &amp;lt;lambda&amp;gt;\n    lambda: ihook(item=item, **kwds), when=when, reraise=reraise\n  File &amp;quot;C:\\Python310\\lib\\site-packages\\pluggy\\_hooks.py&amp;quot;, line 493, in __call__\n    return self._hookexec(self.name, self._hookimpls, kwargs, firstresult)\n  File &amp;quot;C:\\Python310\\lib\\site-packages\\pluggy\\_manager.py&amp;quot;, line 115, in _hookexec\n    return self._inner_hookexec(hook_name, methods, kwargs, firstresult)\n  File &amp;quot;C:\\Python310\\lib\\site-packages\\pluggy\\_callers.py&amp;quot;, line 77, in _multicall\n    res = hook_impl.function(*args)\n  File &amp;quot;C:\\Python310\\lib\\site-packages\\_pytest\\runner.py&amp;quot;, line 169, in pytest_runtest_call\n    item.runtest()\n  File &amp;quot;C:\\Python310\\lib\\site-packages\\_pytest\\unittest.py&amp;quot;, line 333, in runtest\n    self._testcase(result=self)  # type: ignore[arg-type]\n  File &amp;quot;C:\\Python310\\lib\\unittest\\case.py&amp;quot;, line 650, in __call__\n    return self.run(*args, **kwds)\n  File &amp;quot;C:\\Python310\\lib\\unittest\\case.py&amp;quot;, line 591, in run\n    self._callTestMethod(testMethod)\n  File &amp;quot;C:\\Python310\\lib\\unittest\\case.py&amp;quot;, line 549, in _callTestMethod\n    method()\n  File &amp;quot;C:\\Python310\\lib\\site-packages\\ddt.py&amp;quot;, line 225, in wrapper\n    return func(self, *args, **kwargs)\n  File &amp;quot;D:\\Python_Selenium\\DemoTestFramework\\testcases\\test_searchflights.py&amp;quot;, line 29, in test_search_flights\n    obj_search_flight_result = self.obj_lp.searchFlights(goingfrom, goingto, date)\n  File &amp;quot;D:\\Python_Selenium\\DemoTestFramework\\pages\\yatra_launch_page.py&amp;quot;, line 72, in searchFlights\n    self.enterGoingToLocation(goingto)\n  File &amp;quot;D:\\Python_Selenium\\DemoTestFramework\\pages\\yatra_launch_page.py&amp;quot;, line 49, in enterGoingToLocation\n    self.obj_log.warning(&amp;quot;Clicked on Going to&amp;quot;)\nMessage: &amp;#x27;Clicked on Going to&amp;#x27;\nArguments: ()\n--- Logging error ---\nTraceback (most recent call last):\n  File &amp;quot;C:\\Python310\\lib\\logging\\__init__.py&amp;quot;, line 1098, in emit\n    msg = self.format(record)\n  File &amp;quot;C:\\Python310\\lib\\logging\\__init__.py&amp;quot;, line 942, in format\n    return fmt.format(record)\n  File &amp;quot;C:\\Python310\\lib\\logging\\__init__.py&amp;quot;, line 681, in format\n    s = self.formatMessage(record)\n  File &amp;quot;C:\\Python310\\lib\\logging\\__init__.py&amp;quot;, line 650, in formatMessage\n    return self._style.format(record)\n  File &amp;quot;C:\\Python310\\lib\\logging\\__init__.py&amp;quot;, line 440, in format\n    return self._format(record)\n  File &amp;quot;C:\\Python310\\lib\\logging\\__init__.py&amp;quot;, line 436, in _format\n    return self._fmt % values\nTypeError: not enough arguments for format string\nCall stack:\n  File &amp;quot;C:\\Python310\\lib\\runpy.py&amp;quot;, line 196, in _run_module_as_main\n    return _run_code(code, main_globals, None,\n  File &amp;quot;C:\\Python310\\lib\\runpy.py&amp;quot;, line 86, in _run_code\n    exec(code, run_globals)\n  File &amp;quot;C:\\Python310\\lib\\site-packages\\pytest\\__main__.py&amp;quot;, line 5, in &amp;lt;module&amp;gt;\n    raise SystemExit(pytest.console_main())\n  File &amp;quot;C:\\Python310\\lib\\site-packages\\_pytest\\config\\__init__.py&amp;quot;, line 192, in console_main\n    code = main()\n  File &amp;quot;C:\\Python310\\lib\\site-packages\\_pytest\\config\\__init__.py&amp;quot;, line 169, in main\n    ret: Union[ExitCode, int] = config.hook.pytest_cmdline_main(\n  File &amp;quot;C:\\Python310\\lib\\site-packages\\pluggy\\_hooks.py&amp;quot;, line 493, in __call__\n    return self._hookexec(self.name, self._hookimpls, kwargs, firstresult)\n  File &amp;quot;C:\\Python310\\lib\\site-packages\\pluggy\\_manager.py&amp;quot;, line 115, in _hookexec\n    return self._inner_hookexec(hook_name, methods, kwargs, firstresult)\n  File &amp;quot;C:\\Python310\\lib\\site-packages\\pluggy\\_callers.py&amp;quot;, line 77, in _multicall\n    res = hook_impl.function(*args)\n  File &amp;quot;C:\\Python310\\lib\\site-packages\\_pytest\\main.py&amp;quot;, line 318, in pytest_cmdline_main\n    return wrap_session(config, _main)\n  File &amp;quot;C:\\Python310\\lib\\site-packages\\_pytest\\main.py&amp;quot;, line 271, in wrap_session\n    session.exitstatus = doit(config, session) or 0\n  File &amp;quot;C:\\Python310\\lib\\site-packages\\_pytest\\main.py&amp;quot;, line 325, in _main\n    config.hook.pytest_runtestloop(session=session)\n  File &amp;quot;C:\\Python310\\lib\\site-packages\\pluggy\\_hooks.py&amp;quot;, line 493, in __call__\n    return self._hookexec(self.name, self._hookimpls, kwargs, firstresult)\n  File &amp;quot;C:\\Python310\\lib\\site-packages\\pluggy\\_manager.py&amp;quot;, line 115, in _hookexec\n    return self._inner_hookexec(hook_name, methods, kwargs, firstresult)\n  File &amp;quot;C:\\Python310\\lib\\site-packages\\pluggy\\_callers.py&amp;quot;, line 77, in _multicall\n    res = hook_impl.function(*args)\n  File &amp;quot;C:\\Python310\\lib\\site-packages\\_pytest\\main.py&amp;quot;, line 350, in pytest_runtestloop\n    item.config.hook.pytest_runtest_protocol(item=item, nextitem=nextitem)\n  File &amp;quot;C:\\Python310\\lib\\site-packages\\pluggy\\_hooks.py&amp;quot;, line 493, in __call__\n    return self._hookexec(self.name, self._hookimpls, kwargs, firstresult)\n  File &amp;quot;C:\\Python310\\lib\\site-packages\\pluggy\\_manager.py&amp;quot;, line 115, in _hookexec\n    return self._inner_hookexec(hook_name, methods, kwargs, firstresult)\n  File &amp;quot;C:\\Python310\\lib\\site-packages\\pluggy\\_callers.py&amp;quot;, line 77, in _multicall\n    res = hook_impl.function(*args)\n  File &amp;quot;C:\\Python310\\lib\\site-packages\\_pytest\\runner.py&amp;quot;, line 114, in pytest_runtest_protocol\n    runtestprotocol(item, nextitem=nextitem)\n  File &amp;quot;C:\\Python310\\lib\\site-packages\\_pytest\\runner.py&amp;quot;, line 133, in runtestprotocol\n    reports.append(call_and_report(item, &amp;quot;call&amp;quot;, log))\n  File &amp;quot;C:\\Python310\\lib\\site-packages\\_pytest\\runner.py&amp;quot;, line 222, in call_and_report\n    call = call_runtest_hook(item, when, **kwds)\n  File &amp;quot;C:\\Python310\\lib\\site-packages\\_pytest\\runner.py&amp;quot;, line 261, in call_runtest_hook\n    return CallInfo.from_call(\n  File &amp;quot;C:\\Python310\\lib\\site-packages\\_pytest\\runner.py&amp;quot;, line 341, in from_call\n    result: Optional[TResult] = func()\n  File &amp;quot;C:\\Python310\\lib\\site-packages\\_pytest\\runner.py&amp;quot;, line 262, in &amp;lt;lambda&amp;gt;\n    lambda: ihook(item=item, **kwds), when=when, reraise=reraise\n  File &amp;quot;C:\\Python310\\lib\\site-packages\\pluggy\\_hooks.py&amp;quot;, line 493, in __call__\n    return self._hookexec(self.name, self._hookimpls, kwargs, firstresult)\n  File &amp;quot;C:\\Python310\\lib\\site-packages\\pluggy\\_manager.py&amp;quot;, line 115, in _hookexec\n    return self._inner_hookexec(hook_name, methods, kwargs, firstresult)\n  File &amp;quot;C:\\Python310\\lib\\site-packages\\pluggy\\_callers.py&amp;quot;, line 77, in _multicall\n    res = hook_impl.function(*args)\n  File &amp;quot;C:\\Python310\\lib\\site-packages\\_pytest\\runner.py&amp;quot;, line 169, in pytest_runtest_call\n    item.runtest()\n  File &amp;quot;C:\\Python310\\lib\\site-packages\\_pytest\\unittest.py&amp;quot;, line 333, in runtest\n    self._testcase(result=self)  # type: ignore[arg-type]\n  File &amp;quot;C:\\Python310\\lib\\unittest\\case.py&amp;quot;, line 650, in __call__\n    return self.run(*args, **kwds)\n  File &amp;quot;C:\\Python310\\lib\\unittest\\case.py&amp;quot;, line 591, in run\n    self._callTestMethod(testMethod)\n  File &amp;quot;C:\\Python310\\lib\\unittest\\case.py&amp;quot;, line 549, in _callTestMethod\n    method()\n  File &amp;quot;C:\\Python310\\lib\\site-packages\\ddt.py&amp;quot;, line 225, in wrapper\n    return func(self, *args, **kwargs)\n  File &amp;quot;D:\\Python_Selenium\\DemoTestFramework\\testcases\\test_searchflights.py&amp;quot;, line 29, in test_search_flights\n    obj_search_flight_result = self.obj_lp.searchFlights(goingfrom, goingto, date)\n  File &amp;quot;D:\\Python_Selenium\\DemoTestFramework\\pages\\yatra_launch_page.py&amp;quot;, line 73, in searchFlights\n    self.enterDepartureDate(date)\n  File &amp;quot;D:\\Python_Selenium\\DemoTestFramework\\pages\\yatra_launch_page.py&amp;quot;, line 59, in enterDepartureDate\n    self.obj_log.info(&amp;quot;clicked on date&amp;quot;)\nMessage: &amp;#x27;clicked on date&amp;#x27;\nArguments: ()\n--- Logging error ---\nTraceback (most recent call last):\n  File &amp;quot;C:\\Python310\\lib\\logging\\__init__.py&amp;quot;, line 1098, in emit\n    msg = self.format(record)\n  File &amp;quot;C:\\Python310\\lib\\logging\\__init__.py&amp;quot;, line 942, in format\n    return fmt.format(record)\n  File &amp;quot;C:\\Python310\\lib\\logging\\__init__.py&amp;quot;, line 681, in format\n    s = self.formatMessage(record)\n  File &amp;quot;C:\\Python310\\lib\\logging\\__init__.py&amp;quot;, line 650, in formatMessage\n    return self._style.format(record)\n  File &amp;quot;C:\\Python310\\lib\\logging\\__init__.py&amp;quot;, line 440, in format\n    return self._format(record)\n  File &amp;quot;C:\\Python310\\lib\\logging\\__init__.py&amp;quot;, line 436, in _format\n    return self._fmt % values\nTypeError: not enough arguments for format string\nCall stack:\n  File &amp;quot;C:\\Python310\\lib\\runpy.py&amp;quot;, line 196, in _run_module_as_main\n    return _run_code(code, main_globals, None,\n  File &amp;quot;C:\\Python310\\lib\\runpy.py&amp;quot;, line 86, in _run_code\n    exec(code, run_globals)\n  File &amp;quot;C:\\Python310\\lib\\site-packages\\pytest\\__main__.py&amp;quot;, line 5, in &amp;lt;module&amp;gt;\n    raise SystemExit(pytest.console_main())\n  File &amp;quot;C:\\Python310\\lib\\site-packages\\_pytest\\config\\__init__.py&amp;quot;, line 192, in console_main\n    code = main()\n  File &amp;quot;C:\\Python310\\lib\\site-packages\\_pytest\\config\\__init__.py&amp;quot;, line 169, in main\n    ret: Union[ExitCode, int] = config.hook.pytest_cmdline_main(\n  File &amp;quot;C:\\Python310\\lib\\site-packages\\pluggy\\_hooks.py&amp;quot;, line 493, in __call__\n    return self._hookexec(self.name, self._hookimpls, kwargs, firstresult)\n  File &amp;quot;C:\\Python310\\lib\\site-packages\\pluggy\\_manager.py&amp;quot;, line 115, in _hookexec\n    return self._inner_hookexec(hook_name, methods, kwargs, firstresult)\n  File &amp;quot;C:\\Python310\\lib\\site-packages\\pluggy\\_callers.py&amp;quot;, line 77, in _multicall\n    res = hook_impl.function(*args)\n  File &amp;quot;C:\\Python310\\lib\\site-packages\\_pytest\\main.py&amp;quot;, line 318, in pytest_cmdline_main\n    return wrap_session(config, _main)\n  File &amp;quot;C:\\Python310\\lib\\site-packages\\_pytest\\main.py&amp;quot;, line 271, in wrap_session\n    session.exitstatus = doit(config, session) or 0\n  File &amp;quot;C:\\Python310\\lib\\site-packages\\_pytest\\main.py&amp;quot;, line 325, in _main\n    config.hook.pytest_runtestloop(session=session)\n  File &amp;quot;C:\\Python310\\lib\\site-packages\\pluggy\\_hooks.py&amp;quot;, line 493, in __call__\n    return self._hookexec(self.name, self._hookimpls, kwargs, firstresult)\n  File &amp;quot;C:\\Python310\\lib\\site-packages\\pluggy\\_manager.py&amp;quot;, line 115, in _hookexec\n    return self._inner_hookexec(hook_name, methods, kwargs, firstresult)\n  File &amp;quot;C:\\Python310\\lib\\site-packages\\pluggy\\_callers.py&amp;quot;, line 77, in _multicall\n    res = hook_impl.function(*args)\n  File &amp;quot;C:\\Python310\\lib\\site-packages\\_pytest\\main.py&amp;quot;, line 350, in pytest_runtestloop\n    item.config.hook.pytest_runtest_protocol(item=item, nextitem=nextitem)\n  File &amp;quot;C:\\Python310\\lib\\site-packages\\pluggy\\_hooks.py&amp;quot;, line 493, in __call__\n    return self._hookexec(self.name, self._hookimpls, kwargs, firstresult)\n  File &amp;quot;C:\\Python310\\lib\\site-packages\\pluggy\\_manager.py&amp;quot;, line 115, in _hookexec\n    return self._inner_hookexec(hook_name, methods, kwargs, firstresult)\n  File &amp;quot;C:\\Python310\\lib\\site-packages\\pluggy\\_callers.py&amp;quot;, line 77, in _multicall\n    res = hook_impl.function(*args)\n  File &amp;quot;C:\\Python310\\lib\\site-packages\\_pytest\\runner.py&amp;quot;, line 114, in pytest_runtest_protocol\n    runtestprotocol(item, nextitem=nextitem)\n  File &amp;quot;C:\\Python310\\lib\\site-packages\\_pytest\\runner.py&amp;quot;, line 133, in runtestprotocol\n    reports.append(call_and_report(item, &amp;quot;call&amp;quot;, log))\n  File &amp;quot;C:\\Python310\\lib\\site-packages\\_pytest\\runner.py&amp;quot;, line 222, in call_and_report\n    call = call_runtest_hook(item, when, **kwds)\n  File &amp;quot;C:\\Python310\\lib\\site-packages\\_pytest\\runner.py&amp;quot;, line 261, in call_runtest_hook\n    return CallInfo.from_call(\n  File &amp;quot;C:\\Python310\\lib\\site-packages\\_pytest\\runner.py&amp;quot;, line 341, in from_call\n    result: Optional[TResult] = func()\n  File &amp;quot;C:\\Python310\\lib\\site-packages\\_pytest\\runner.py&amp;quot;, line 262, in &amp;lt;lambda&amp;gt;\n    lambda: ihook(item=item, **kwds), when=when, reraise=reraise\n  File &amp;quot;C:\\Python310\\lib\\site-packages\\pluggy\\_hooks.py&amp;quot;, line 493, in __call__\n    return self._hookexec(self.name, self._hookimpls, kwargs, firstresult)\n  File &amp;quot;C:\\Python310\\lib\\site-packages\\pluggy\\_manager.py&amp;quot;, line 115, in _hookexec\n    return self._inner_hookexec(hook_name, methods, kwargs, firstresult)\n  File &amp;quot;C:\\Python310\\lib\\site-packages\\pluggy\\_callers.py&amp;quot;, line 77, in _multicall\n    res = hook_impl.function(*args)\n  File &amp;quot;C:\\Python310\\lib\\site-packages\\_pytest\\runner.py&amp;quot;, line 169, in pytest_runtest_call\n    item.runtest()\n  File &amp;quot;C:\\Python310\\lib\\site-packages\\_pytest\\unittest.py&amp;quot;, line 333, in runtest\n    self._testcase(result=self)  # type: ignore[arg-type]\n  File &amp;quot;C:\\Python310\\lib\\unittest\\case.py&amp;quot;, line 650, in __call__\n    return self.run(*args, **kwds)\n  File &amp;quot;C:\\Python310\\lib\\unittest\\case.py&amp;quot;, line 591, in run\n    self._callTestMethod(testMethod)\n  File &amp;quot;C:\\Python310\\lib\\unittest\\case.py&amp;quot;, line 549, in _callTestMethod\n    method()\n  File &amp;quot;C:\\Python310\\lib\\site-packages\\ddt.py&amp;quot;, line 225, in wrapper\n    return func(self, *args, **kwargs)\n  File &amp;quot;D:\\Python_Selenium\\DemoTestFramework\\testcases\\test_searchflights.py&amp;quot;, line 29, in test_search_flights\n    obj_search_flight_result = self.obj_lp.searchFlights(goingfrom, goingto, date)\n  File &amp;quot;D:\\Python_Selenium\\DemoTestFramework\\pages\\yatra_launch_page.py&amp;quot;, line 74, in searchFlights\n    self.enterSearchButon()\n  File &amp;quot;D:\\Python_Selenium\\DemoTestFramework\\pages\\yatra_launch_page.py&amp;quot;, line 68, in enterSearchButon\n    self.obj_log.info(&amp;quot;Clicked on Search button&amp;quot;)\nMessage: &amp;#x27;Clicked on Search button&amp;#x27;\nArguments: ()\n\n------------------------------ Captured log call -------------------------------\nINFO     LaunchPage:yatra_launch_page.py:43 Clicked on Depart Form\nWARNING  LaunchPage:yatra_launch_page.py:49 Clicked on Going to\nINFO     LaunchPage:yatra_launch_page.py:59 clicked on date\nINFO     LaunchPage:yatra_launch_page.py:68 Clicked on Search button\n\n&#34;}], &#34;testcases/test_searchflights.py::TestSearchFlightsAndVerifyFilter::test_search_flights_2___New_Delhi____BOM____26_12_2023____2_Stop__&#34;: [{&#34;extras&#34;: [], &#34;result&#34;: &#34;Failed&#34;, &#34;testId&#34;: &#34;testcases/test_searchflights.py::TestSearchFlightsAndVerifyFilter::test_search_flights_2___New_Delhi____BOM____26_12_2023____2_Stop__&#34;, &#34;duration&#34;: &#34;00:00:20&#34;, &#34;resultsTableRow&#34;: [&#34;&lt;td class=\&#34;col-result\&#34;&gt;Failed&lt;/td&gt;&#34;, &#34;&lt;td class=\&#34;col-testId\&#34;&gt;testcases/test_searchflights.py::TestSearchFlightsAndVerifyFilter::test_search_flights_2___New_Delhi____BOM____26_12_2023____2_Stop__&lt;/td&gt;&#34;, &#34;&lt;td class=\&#34;col-duration\&#34;&gt;00:00:20&lt;/td&gt;&#34;, &#34;&lt;td class=\&#34;col-links\&#34;&gt;&lt;/td&gt;&#34;], &#34;log&#34;: &#34;self = &amp;lt;testcases.test_searchflights.TestSearchFlightsAndVerifyFilter testMethod=test_search_flights_2___New_Delhi____BOM____26_12_2023____2_Stop__&amp;gt;\ngoingfrom = &amp;#x27;New Delhi&amp;#x27;, goingto = &amp;#x27;BOM&amp;#x27;, date = &amp;#x27;26/12/2023&amp;#x27;, stops = &amp;#x27;2 Stop&amp;#x27;\n\n    @data(*Utils.read_date_from_csv(&amp;quot;D:\\\\Python_Selenium\\\\DemoTestFramework\\\\testdata\\\\tcdatacsv.csv&amp;quot;))\n    @unpack\n    def test_search_flights(self, goingfrom, goingto, date, stops):\n&amp;gt;       obj_search_flight_result = self.obj_lp.searchFlights(goingfrom, goingto, date)\n\ntestcases\\test_searchflights.py:29: \n_ _ _ _ _ _ _ _ _ _ _ _ _ _ _ _ _ _ _ _ _ _ _ _ _ _ _ _ _ _ _ _ _ _ _ _ _ _ _ _ _ _ _ _ _ _ _ _ _ _ _ _ _ _ _ _ _ _ _ _ _ _ _ _ _ _ _ _ _ _ _ _ _ _ _ _ _ _ _ _ _ _ _ _\npages\\yatra_launch_page.py:73: in searchFlights\n    self.enterDepartureDate(date)\npages\\yatra_launch_page.py:58: in enterDepartureDate\n    self.getDateField().click()\nC:\\Python310\\lib\\site-packages\\selenium\\webdriver\\remote\\webelement.py:94: in click\n    self._execute(Command.CLICK_ELEMENT)\nC:\\Python310\\lib\\site-packages\\selenium\\webdriver\\remote\\webelement.py:395: in _execute\n    return self._parent.execute(command, params)\nC:\\Python310\\lib\\site-packages\\selenium\\webdriver\\remote\\webdriver.py:345: in execute\n    self.error_handler.check_response(response)\n_ _ _ _ _ _ _ _ _ _ _ _ _ _ _ _ _ _ _ _ _ _ _ _ _ _ _ _ _ _ _ _ _ _ _ _ _ _ _ _ _ _ _ _ _ _ _ _ _ _ _ _ _ _ _ _ _ _ _ _ _ _ _ _ _ _ _ _ _ _ _ _ _ _ _ _ _ _ _ _ _ _ _ _\n\nself = &amp;lt;selenium.webdriver.remote.errorhandler.ErrorHandler object at 0x000001AF2DE63550&amp;gt;\nresponse = {&amp;#x27;status&amp;#x27;: 400, &amp;#x27;value&amp;#x27;: &amp;#x27;{&amp;quot;value&amp;quot;:{&amp;quot;error&amp;quot;:&amp;quot;element click intercepted&amp;quot;,&amp;quot;message&amp;quot;:&amp;quot;element click intercepted: Element ...07FF7D5768094]\\\\n\\\\tBaseThreadInitThunk [0x00007FF8923E7614+20]\\\\n\\\\tRtlUserThreadStart [0x00007FF8934426A1+33]\\\\n&amp;quot;}}&amp;#x27;}\n\n    def check_response(self, response: Dict[str, Any]) -&amp;gt; None:\n        &amp;quot;&amp;quot;&amp;quot;Checks that a JSON response from the WebDriver does not have an\n        error.\n    \n        :Args:\n         - response - The JSON response from the WebDriver server as a dictionary\n           object.\n    \n        :Raises: If the response contains an error message.\n        &amp;quot;&amp;quot;&amp;quot;\n        status = response.get(&amp;quot;status&amp;quot;, None)\n        if not status or status == ErrorCode.SUCCESS:\n            return\n        value = None\n        message = response.get(&amp;quot;message&amp;quot;, &amp;quot;&amp;quot;)\n        screen: str = response.get(&amp;quot;screen&amp;quot;, &amp;quot;&amp;quot;)\n        stacktrace = None\n        if isinstance(status, int):\n            value_json = response.get(&amp;quot;value&amp;quot;, None)\n            if value_json and isinstance(value_json, str):\n                import json\n    \n                try:\n                    value = json.loads(value_json)\n                    if len(value) == 1:\n                        value = value[&amp;quot;value&amp;quot;]\n                    status = value.get(&amp;quot;error&amp;quot;, None)\n                    if not status:\n                        status = value.get(&amp;quot;status&amp;quot;, ErrorCode.UNKNOWN_ERROR)\n                        message = value.get(&amp;quot;value&amp;quot;) or value.get(&amp;quot;message&amp;quot;)\n                        if not isinstance(message, str):\n                            value = message\n                            message = message.get(&amp;quot;message&amp;quot;)\n                    else:\n                        message = value.get(&amp;quot;message&amp;quot;, None)\n                except ValueError:\n                    pass\n    \n        exception_class: Type[WebDriverException]\n        e = ErrorCode()\n        error_codes = [item for item in dir(e) if not item.startswith(&amp;quot;__&amp;quot;)]\n        for error_code in error_codes:\n            error_info = getattr(ErrorCode, error_code)\n            if isinstance(error_info, list) and status in error_info:\n                exception_class = getattr(ExceptionMapping, error_code, WebDriverException)\n                break\n        else:\n            exception_class = WebDriverException\n    \n        if not value:\n            value = response[&amp;quot;value&amp;quot;]\n        if isinstance(value, str):\n            raise exception_class(value)\n        if message == &amp;quot;&amp;quot; and &amp;quot;message&amp;quot; in value:\n            message = value[&amp;quot;message&amp;quot;]\n    \n        screen = None  # type: ignore[assignment]\n        if &amp;quot;screen&amp;quot; in value:\n            screen = value[&amp;quot;screen&amp;quot;]\n    \n        stacktrace = None\n        st_value = value.get(&amp;quot;stackTrace&amp;quot;) or value.get(&amp;quot;stacktrace&amp;quot;)\n        if st_value:\n            if isinstance(st_value, str):\n                stacktrace = st_value.split(&amp;quot;\\n&amp;quot;)\n            else:\n                stacktrace = []\n                try:\n                    for frame in st_value:\n                        line = frame.get(&amp;quot;lineNumber&amp;quot;, &amp;quot;&amp;quot;)\n                        file = frame.get(&amp;quot;fileName&amp;quot;, &amp;quot;&amp;lt;anonymous&amp;gt;&amp;quot;)\n                        if line:\n                            file = f&amp;quot;{file}:{line}&amp;quot;\n                        meth = frame.get(&amp;quot;methodName&amp;quot;, &amp;quot;&amp;lt;anonymous&amp;gt;&amp;quot;)\n                        if &amp;quot;className&amp;quot; in frame:\n                            meth = f&amp;quot;{frame[&amp;#x27;className&amp;#x27;]}.{meth}&amp;quot;\n                        msg = &amp;quot;    at %s (%s)&amp;quot;\n                        msg = msg % (meth, file)\n                        stacktrace.append(msg)\n                except TypeError:\n                    pass\n        if exception_class == UnexpectedAlertPresentException:\n            alert_text = None\n            if &amp;quot;data&amp;quot; in value:\n                alert_text = value[&amp;quot;data&amp;quot;].get(&amp;quot;text&amp;quot;)\n            elif &amp;quot;alert&amp;quot; in value:\n                alert_text = value[&amp;quot;alert&amp;quot;].get(&amp;quot;text&amp;quot;)\n            raise exception_class(message, screen, stacktrace, alert_text)  # type: ignore[call-arg]  # mypy is not smart enough here\n&amp;gt;       raise exception_class(message, screen, stacktrace)\nE       selenium.common.exceptions.ElementClickInterceptedException: Message: element click intercepted: Element &amp;lt;input data-role=&amp;quot;none&amp;quot; readonly=&amp;quot;readonly&amp;quot; type=&amp;quot;text&amp;quot; autocomplete=&amp;quot;false&amp;quot; name=&amp;quot;flight_origin_date&amp;quot; placeholder=&amp;quot; &amp;quot; id=&amp;quot;BE_flight_origin_date&amp;quot; class=&amp;quot;custom-date-input BE_flight_origin_date&amp;quot;&amp;gt; is not clickable at point (165, 259). Other element would receive the click: &amp;lt;p class=&amp;quot;ac_airportname&amp;quot;&amp;gt;...&amp;lt;/p&amp;gt;\nE         (Session info: chrome=120.0.6099.72)\nE       Stacktrace:\nE       \tGetHandleVerifier [0x00007FF7D5804D02+56194]\nE       \t(No symbol) [0x00007FF7D57704B2]\nE       \t(No symbol) [0x00007FF7D56176AA]\nE       \t(No symbol) [0x00007FF7D5668763]\nE       \t(No symbol) [0x00007FF7D566675D]\nE       \t(No symbol) [0x00007FF7D5663F5C]\nE       \t(No symbol) [0x00007FF7D5662D15]\nE       \t(No symbol) [0x00007FF7D565687F]\nE       \t(No symbol) [0x00007FF7D5685E7A]\nE       \t(No symbol) [0x00007FF7D5656226]\nE       \t(No symbol) [0x00007FF7D5686320]\nE       \t(No symbol) [0x00007FF7D56A2786]\nE       \t(No symbol) [0x00007FF7D5685C23]\nE       \t(No symbol) [0x00007FF7D5654A45]\nE       \t(No symbol) [0x00007FF7D5655AD4]\nE       \tGetHandleVerifier [0x00007FF7D5B7D5BB+3695675]\nE       \tGetHandleVerifier [0x00007FF7D5BD6197+4059159]\nE       \tGetHandleVerifier [0x00007FF7D5BCDF63+4025827]\nE       \tGetHandleVerifier [0x00007FF7D589F029+687785]\nE       \t(No symbol) [0x00007FF7D577B508]\nE       \t(No symbol) [0x00007FF7D5777564]\nE       \t(No symbol) [0x00007FF7D57776E9]\nE       \t(No symbol) [0x00007FF7D5768094]\nE       \tBaseThreadInitThunk [0x00007FF8923E7614+20]\nE       \tRtlUserThreadStart [0x00007FF8934426A1+33]\n\nC:\\Python310\\lib\\site-packages\\selenium\\webdriver\\remote\\errorhandler.py:229: ElementClickInterceptedException\n\n----------------------------- Captured stderr call -----------------------------\n--- Logging error ---\nTraceback (most recent call last):\n  File &amp;quot;C:\\Python310\\lib\\logging\\__init__.py&amp;quot;, line 1098, in emit\n    msg = self.format(record)\n  File &amp;quot;C:\\Python310\\lib\\logging\\__init__.py&amp;quot;, line 942, in format\n    return fmt.format(record)\n  File &amp;quot;C:\\Python310\\lib\\logging\\__init__.py&amp;quot;, line 681, in format\n    s = self.formatMessage(record)\n  File &amp;quot;C:\\Python310\\lib\\logging\\__init__.py&amp;quot;, line 650, in formatMessage\n    return self._style.format(record)\n  File &amp;quot;C:\\Python310\\lib\\logging\\__init__.py&amp;quot;, line 440, in format\n    return self._format(record)\n  File &amp;quot;C:\\Python310\\lib\\logging\\__init__.py&amp;quot;, line 436, in _format\n    return self._fmt % values\nTypeError: not enough arguments for format string\nCall stack:\n  File &amp;quot;C:\\Python310\\lib\\runpy.py&amp;quot;, line 196, in _run_module_as_main\n    return _run_code(code, main_globals, None,\n  File &amp;quot;C:\\Python310\\lib\\runpy.py&amp;quot;, line 86, in _run_code\n    exec(code, run_globals)\n  File &amp;quot;C:\\Python310\\lib\\site-packages\\pytest\\__main__.py&amp;quot;, line 5, in &amp;lt;module&amp;gt;\n    raise SystemExit(pytest.console_main())\n  File &amp;quot;C:\\Python310\\lib\\site-packages\\_pytest\\config\\__init__.py&amp;quot;, line 192, in console_main\n    code = main()\n  File &amp;quot;C:\\Python310\\lib\\site-packages\\_pytest\\config\\__init__.py&amp;quot;, line 169, in main\n    ret: Union[ExitCode, int] = config.hook.pytest_cmdline_main(\n  File &amp;quot;C:\\Python310\\lib\\site-packages\\pluggy\\_hooks.py&amp;quot;, line 493, in __call__\n    return self._hookexec(self.name, self._hookimpls, kwargs, firstresult)\n  File &amp;quot;C:\\Python310\\lib\\site-packages\\pluggy\\_manager.py&amp;quot;, line 115, in _hookexec\n    return self._inner_hookexec(hook_name, methods, kwargs, firstresult)\n  File &amp;quot;C:\\Python310\\lib\\site-packages\\pluggy\\_callers.py&amp;quot;, line 77, in _multicall\n    res = hook_impl.function(*args)\n  File &amp;quot;C:\\Python310\\lib\\site-packages\\_pytest\\main.py&amp;quot;, line 318, in pytest_cmdline_main\n    return wrap_session(config, _main)\n  File &amp;quot;C:\\Python310\\lib\\site-packages\\_pytest\\main.py&amp;quot;, line 271, in wrap_session\n    session.exitstatus = doit(config, session) or 0\n  File &amp;quot;C:\\Python310\\lib\\site-packages\\_pytest\\main.py&amp;quot;, line 325, in _main\n    config.hook.pytest_runtestloop(session=session)\n  File &amp;quot;C:\\Python310\\lib\\site-packages\\pluggy\\_hooks.py&amp;quot;, line 493, in __call__\n    return self._hookexec(self.name, self._hookimpls, kwargs, firstresult)\n  File &amp;quot;C:\\Python310\\lib\\site-packages\\pluggy\\_manager.py&amp;quot;, line 115, in _hookexec\n    return self._inner_hookexec(hook_name, methods, kwargs, firstresult)\n  File &amp;quot;C:\\Python310\\lib\\site-packages\\pluggy\\_callers.py&amp;quot;, line 77, in _multicall\n    res = hook_impl.function(*args)\n  File &amp;quot;C:\\Python310\\lib\\site-packages\\_pytest\\main.py&amp;quot;, line 350, in pytest_runtestloop\n    item.config.hook.pytest_runtest_protocol(item=item, nextitem=nextitem)\n  File &amp;quot;C:\\Python310\\lib\\site-packages\\pluggy\\_hooks.py&amp;quot;, line 493, in __call__\n    return self._hookexec(self.name, self._hookimpls, kwargs, firstresult)\n  File &amp;quot;C:\\Python310\\lib\\site-packages\\pluggy\\_manager.py&amp;quot;, line 115, in _hookexec\n    return self._inner_hookexec(hook_name, methods, kwargs, firstresult)\n  File &amp;quot;C:\\Python310\\lib\\site-packages\\pluggy\\_callers.py&amp;quot;, line 77, in _multicall\n    res = hook_impl.function(*args)\n  File &amp;quot;C:\\Python310\\lib\\site-packages\\_pytest\\runner.py&amp;quot;, line 114, in pytest_runtest_protocol\n    runtestprotocol(item, nextitem=nextitem)\n  File &amp;quot;C:\\Python310\\lib\\site-packages\\_pytest\\runner.py&amp;quot;, line 133, in runtestprotocol\n    reports.append(call_and_report(item, &amp;quot;call&amp;quot;, log))\n  File &amp;quot;C:\\Python310\\lib\\site-packages\\_pytest\\runner.py&amp;quot;, line 222, in call_and_report\n    call = call_runtest_hook(item, when, **kwds)\n  File &amp;quot;C:\\Python310\\lib\\site-packages\\_pytest\\runner.py&amp;quot;, line 261, in call_runtest_hook\n    return CallInfo.from_call(\n  File &amp;quot;C:\\Python310\\lib\\site-packages\\_pytest\\runner.py&amp;quot;, line 341, in from_call\n    result: Optional[TResult] = func()\n  File &amp;quot;C:\\Python310\\lib\\site-packages\\_pytest\\runner.py&amp;quot;, line 262, in &amp;lt;lambda&amp;gt;\n    lambda: ihook(item=item, **kwds), when=when, reraise=reraise\n  File &amp;quot;C:\\Python310\\lib\\site-packages\\pluggy\\_hooks.py&amp;quot;, line 493, in __call__\n    return self._hookexec(self.name, self._hookimpls, kwargs, firstresult)\n  File &amp;quot;C:\\Python310\\lib\\site-packages\\pluggy\\_manager.py&amp;quot;, line 115, in _hookexec\n    return self._inner_hookexec(hook_name, methods, kwargs, firstresult)\n  File &amp;quot;C:\\Python310\\lib\\site-packages\\pluggy\\_callers.py&amp;quot;, line 77, in _multicall\n    res = hook_impl.function(*args)\n  File &amp;quot;C:\\Python310\\lib\\site-packages\\_pytest\\runner.py&amp;quot;, line 169, in pytest_runtest_call\n    item.runtest()\n  File &amp;quot;C:\\Python310\\lib\\site-packages\\_pytest\\unittest.py&amp;quot;, line 333, in runtest\n    self._testcase(result=self)  # type: ignore[arg-type]\n  File &amp;quot;C:\\Python310\\lib\\unittest\\case.py&amp;quot;, line 650, in __call__\n    return self.run(*args, **kwds)\n  File &amp;quot;C:\\Python310\\lib\\unittest\\case.py&amp;quot;, line 591, in run\n    self._callTestMethod(testMethod)\n  File &amp;quot;C:\\Python310\\lib\\unittest\\case.py&amp;quot;, line 549, in _callTestMethod\n    method()\n  File &amp;quot;C:\\Python310\\lib\\site-packages\\ddt.py&amp;quot;, line 225, in wrapper\n    return func(self, *args, **kwargs)\n  File &amp;quot;D:\\Python_Selenium\\DemoTestFramework\\testcases\\test_searchflights.py&amp;quot;, line 29, in test_search_flights\n    obj_search_flight_result = self.obj_lp.searchFlights(goingfrom, goingto, date)\n  File &amp;quot;D:\\Python_Selenium\\DemoTestFramework\\pages\\yatra_launch_page.py&amp;quot;, line 71, in searchFlights\n    self.enterDepartFromLocation(departform)\n  File &amp;quot;D:\\Python_Selenium\\DemoTestFramework\\pages\\yatra_launch_page.py&amp;quot;, line 43, in enterDepartFromLocation\n    self.obj_log.info(&amp;quot;Clicked on Depart Form&amp;quot;)\nMessage: &amp;#x27;Clicked on Depart Form&amp;#x27;\nArguments: ()\n--- Logging error ---\nTraceback (most recent call last):\n  File &amp;quot;C:\\Python310\\lib\\logging\\__init__.py&amp;quot;, line 1098, in emit\n    msg = self.format(record)\n  File &amp;quot;C:\\Python310\\lib\\logging\\__init__.py&amp;quot;, line 942, in format\n    return fmt.format(record)\n  File &amp;quot;C:\\Python310\\lib\\logging\\__init__.py&amp;quot;, line 681, in format\n    s = self.formatMessage(record)\n  File &amp;quot;C:\\Python310\\lib\\logging\\__init__.py&amp;quot;, line 650, in formatMessage\n    return self._style.format(record)\n  File &amp;quot;C:\\Python310\\lib\\logging\\__init__.py&amp;quot;, line 440, in format\n    return self._format(record)\n  File &amp;quot;C:\\Python310\\lib\\logging\\__init__.py&amp;quot;, line 436, in _format\n    return self._fmt % values\nTypeError: not enough arguments for format string\nCall stack:\n  File &amp;quot;C:\\Python310\\lib\\runpy.py&amp;quot;, line 196, in _run_module_as_main\n    return _run_code(code, main_globals, None,\n  File &amp;quot;C:\\Python310\\lib\\runpy.py&amp;quot;, line 86, in _run_code\n    exec(code, run_globals)\n  File &amp;quot;C:\\Python310\\lib\\site-packages\\pytest\\__main__.py&amp;quot;, line 5, in &amp;lt;module&amp;gt;\n    raise SystemExit(pytest.console_main())\n  File &amp;quot;C:\\Python310\\lib\\site-packages\\_pytest\\config\\__init__.py&amp;quot;, line 192, in console_main\n    code = main()\n  File &amp;quot;C:\\Python310\\lib\\site-packages\\_pytest\\config\\__init__.py&amp;quot;, line 169, in main\n    ret: Union[ExitCode, int] = config.hook.pytest_cmdline_main(\n  File &amp;quot;C:\\Python310\\lib\\site-packages\\pluggy\\_hooks.py&amp;quot;, line 493, in __call__\n    return self._hookexec(self.name, self._hookimpls, kwargs, firstresult)\n  File &amp;quot;C:\\Python310\\lib\\site-packages\\pluggy\\_manager.py&amp;quot;, line 115, in _hookexec\n    return self._inner_hookexec(hook_name, methods, kwargs, firstresult)\n  File &amp;quot;C:\\Python310\\lib\\site-packages\\pluggy\\_callers.py&amp;quot;, line 77, in _multicall\n    res = hook_impl.function(*args)\n  File &amp;quot;C:\\Python310\\lib\\site-packages\\_pytest\\main.py&amp;quot;, line 318, in pytest_cmdline_main\n    return wrap_session(config, _main)\n  File &amp;quot;C:\\Python310\\lib\\site-packages\\_pytest\\main.py&amp;quot;, line 271, in wrap_session\n    session.exitstatus = doit(config, session) or 0\n  File &amp;quot;C:\\Python310\\lib\\site-packages\\_pytest\\main.py&amp;quot;, line 325, in _main\n    config.hook.pytest_runtestloop(session=session)\n  File &amp;quot;C:\\Python310\\lib\\site-packages\\pluggy\\_hooks.py&amp;quot;, line 493, in __call__\n    return self._hookexec(self.name, self._hookimpls, kwargs, firstresult)\n  File &amp;quot;C:\\Python310\\lib\\site-packages\\pluggy\\_manager.py&amp;quot;, line 115, in _hookexec\n    return self._inner_hookexec(hook_name, methods, kwargs, firstresult)\n  File &amp;quot;C:\\Python310\\lib\\site-packages\\pluggy\\_callers.py&amp;quot;, line 77, in _multicall\n    res = hook_impl.function(*args)\n  File &amp;quot;C:\\Python310\\lib\\site-packages\\_pytest\\main.py&amp;quot;, line 350, in pytest_runtestloop\n    item.config.hook.pytest_runtest_protocol(item=item, nextitem=nextitem)\n  File &amp;quot;C:\\Python310\\lib\\site-packages\\pluggy\\_hooks.py&amp;quot;, line 493, in __call__\n    return self._hookexec(self.name, self._hookimpls, kwargs, firstresult)\n  File &amp;quot;C:\\Python310\\lib\\site-packages\\pluggy\\_manager.py&amp;quot;, line 115, in _hookexec\n    return self._inner_hookexec(hook_name, methods, kwargs, firstresult)\n  File &amp;quot;C:\\Python310\\lib\\site-packages\\pluggy\\_callers.py&amp;quot;, line 77, in _multicall\n    res = hook_impl.function(*args)\n  File &amp;quot;C:\\Python310\\lib\\site-packages\\_pytest\\runner.py&amp;quot;, line 114, in pytest_runtest_protocol\n    runtestprotocol(item, nextitem=nextitem)\n  File &amp;quot;C:\\Python310\\lib\\site-packages\\_pytest\\runner.py&amp;quot;, line 133, in runtestprotocol\n    reports.append(call_and_report(item, &amp;quot;call&amp;quot;, log))\n  File &amp;quot;C:\\Python310\\lib\\site-packages\\_pytest\\runner.py&amp;quot;, line 222, in call_and_report\n    call = call_runtest_hook(item, when, **kwds)\n  File &amp;quot;C:\\Python310\\lib\\site-packages\\_pytest\\runner.py&amp;quot;, line 261, in call_runtest_hook\n    return CallInfo.from_call(\n  File &amp;quot;C:\\Python310\\lib\\site-packages\\_pytest\\runner.py&amp;quot;, line 341, in from_call\n    result: Optional[TResult] = func()\n  File &amp;quot;C:\\Python310\\lib\\site-packages\\_pytest\\runner.py&amp;quot;, line 262, in &amp;lt;lambda&amp;gt;\n    lambda: ihook(item=item, **kwds), when=when, reraise=reraise\n  File &amp;quot;C:\\Python310\\lib\\site-packages\\pluggy\\_hooks.py&amp;quot;, line 493, in __call__\n    return self._hookexec(self.name, self._hookimpls, kwargs, firstresult)\n  File &amp;quot;C:\\Python310\\lib\\site-packages\\pluggy\\_manager.py&amp;quot;, line 115, in _hookexec\n    return self._inner_hookexec(hook_name, methods, kwargs, firstresult)\n  File &amp;quot;C:\\Python310\\lib\\site-packages\\pluggy\\_callers.py&amp;quot;, line 77, in _multicall\n    res = hook_impl.function(*args)\n  File &amp;quot;C:\\Python310\\lib\\site-packages\\_pytest\\runner.py&amp;quot;, line 169, in pytest_runtest_call\n    item.runtest()\n  File &amp;quot;C:\\Python310\\lib\\site-packages\\_pytest\\unittest.py&amp;quot;, line 333, in runtest\n    self._testcase(result=self)  # type: ignore[arg-type]\n  File &amp;quot;C:\\Python310\\lib\\unittest\\case.py&amp;quot;, line 650, in __call__\n    return self.run(*args, **kwds)\n  File &amp;quot;C:\\Python310\\lib\\unittest\\case.py&amp;quot;, line 591, in run\n    self._callTestMethod(testMethod)\n  File &amp;quot;C:\\Python310\\lib\\unittest\\case.py&amp;quot;, line 549, in _callTestMethod\n    method()\n  File &amp;quot;C:\\Python310\\lib\\site-packages\\ddt.py&amp;quot;, line 225, in wrapper\n    return func(self, *args, **kwargs)\n  File &amp;quot;D:\\Python_Selenium\\DemoTestFramework\\testcases\\test_searchflights.py&amp;quot;, line 29, in test_search_flights\n    obj_search_flight_result = self.obj_lp.searchFlights(goingfrom, goingto, date)\n  File &amp;quot;D:\\Python_Selenium\\DemoTestFramework\\pages\\yatra_launch_page.py&amp;quot;, line 72, in searchFlights\n    self.enterGoingToLocation(goingto)\n  File &amp;quot;D:\\Python_Selenium\\DemoTestFramework\\pages\\yatra_launch_page.py&amp;quot;, line 49, in enterGoingToLocation\n    self.obj_log.warning(&amp;quot;Clicked on Going to&amp;quot;)\nMessage: &amp;#x27;Clicked on Going to&amp;#x27;\nArguments: ()\n\n------------------------------ Captured log call -------------------------------\nINFO     LaunchPage:yatra_launch_page.py:43 Clicked on Depart Form\nWARNING  LaunchPage:yatra_launch_page.py:49 Clicked on Going to\n\n&#34;}]}, &#34;renderCollapsed&#34;: [&#34;passed&#34;], &#34;initialSort&#34;: &#34;result&#34;, &#34;title&#34;: &#34;report.html&#34;}"></div>
    <script>
      (function(){function r(e,n,t){function o(i,f){if(!n[i]){if(!e[i]){var c="function"==typeof require&&require;if(!f&&c)return c(i,!0);if(u)return u(i,!0);var a=new Error("Cannot find module '"+i+"'");throw a.code="MODULE_NOT_FOUND",a}var p=n[i]={exports:{}};e[i][0].call(p.exports,function(r){var n=e[i][1][r];return o(n||r)},p,p.exports,r,e,n,t)}return n[i].exports}for(var u="function"==typeof require&&require,i=0;i<t.length;i++)o(t[i]);return o}return r})()({1:[function(require,module,exports){
const { getCollapsedCategory, setCollapsedIds } = require('./storage.js')

class DataManager {
    setManager(data) {
        const collapsedCategories = [...getCollapsedCategory(data.renderCollapsed)]
        const collapsedIds = []
        const tests = Object.values(data.tests).flat().map((test, index) => {
            const collapsed = collapsedCategories.includes(test.result.toLowerCase())
            const id = `test_${index}`
            if (collapsed) {
                collapsedIds.push(id)
            }
            return {
                ...test,
                id,
                collapsed,
            }
        })
        const dataBlob = { ...data, tests }
        this.data = { ...dataBlob }
        this.renderData = { ...dataBlob }
        setCollapsedIds(collapsedIds)
    }

    get allData() {
        return { ...this.data }
    }

    resetRender() {
        this.renderData = { ...this.data }
    }

    setRender(data) {
        this.renderData.tests = [...data]
    }

    toggleCollapsedItem(id) {
        this.renderData.tests = this.renderData.tests.map((test) =>
            test.id === id ? { ...test, collapsed: !test.collapsed } : test,
        )
    }

    set allCollapsed(collapsed) {
        this.renderData = { ...this.renderData, tests: [...this.renderData.tests.map((test) => (
            { ...test, collapsed }
        ))] }
    }

    get testSubset() {
        return [...this.renderData.tests]
    }

    get environment() {
        return this.renderData.environment
    }

    get initialSort() {
        return this.data.initialSort
    }
}

module.exports = {
    manager: new DataManager(),
}

},{"./storage.js":8}],2:[function(require,module,exports){
const mediaViewer = require('./mediaviewer.js')
const templateEnvRow = document.getElementById('template_environment_row')
const templateResult = document.getElementById('template_results-table__tbody')

function htmlToElements(html) {
    const temp = document.createElement('template')
    temp.innerHTML = html
    return temp.content.childNodes
}

const find = (selector, elem) => {
    if (!elem) {
        elem = document
    }
    return elem.querySelector(selector)
}

const findAll = (selector, elem) => {
    if (!elem) {
        elem = document
    }
    return [...elem.querySelectorAll(selector)]
}

const dom = {
    getStaticRow: (key, value) => {
        const envRow = templateEnvRow.content.cloneNode(true)
        const isObj = typeof value === 'object' && value !== null
        const values = isObj ? Object.keys(value).map((k) => `${k}: ${value[k]}`) : null

        const valuesElement = htmlToElements(
            values ? `<ul>${values.map((val) => `<li>${val}</li>`).join('')}<ul>` : `<div>${value}</div>`)[0]
        const td = findAll('td', envRow)
        td[0].textContent = key
        td[1].appendChild(valuesElement)

        return envRow
    },
    getResultTBody: ({ testId, id, log, extras, resultsTableRow, tableHtml, result, collapsed }) => {
        const resultBody = templateResult.content.cloneNode(true)
        resultBody.querySelector('tbody').classList.add(result.toLowerCase())
        resultBody.querySelector('tbody').id = testId
        resultBody.querySelector('.collapsible').dataset.id = id

        resultsTableRow.forEach((html) => {
            const t = document.createElement('template')
            t.innerHTML = html
            resultBody.querySelector('.collapsible').appendChild(t.content)
        })

        if (log) {
            // Wrap lines starting with "E" with span.error to color those lines red
            const wrappedLog = log.replace(/^E.*$/gm, (match) => `<span class="error">${match}</span>`)
            resultBody.querySelector('.log').innerHTML = wrappedLog
        } else {
            resultBody.querySelector('.log').remove()
        }

        if (collapsed) {
            resultBody.querySelector('.collapsible > td')?.classList.add('collapsed')
            resultBody.querySelector('.extras-row').classList.add('hidden')
        } else {
            resultBody.querySelector('.collapsible > td')?.classList.remove('collapsed')
        }

        const media = []
        extras?.forEach(({ name, format_type, content }) => {
            if (['image', 'video'].includes(format_type)) {
                media.push({ path: content, name, format_type })
            }

            if (format_type === 'html') {
                resultBody.querySelector('.extraHTML').insertAdjacentHTML('beforeend', `<div>${content}</div>`)
            }
        })
        mediaViewer.setup(resultBody, media)

        // Add custom html from the pytest_html_results_table_html hook
        tableHtml?.forEach((item) => {
            resultBody.querySelector('td[class="extra"]').insertAdjacentHTML('beforeend', item)
        })

        return resultBody
    },
}

module.exports = {
    dom,
    htmlToElements,
    find,
    findAll,
}

},{"./mediaviewer.js":6}],3:[function(require,module,exports){
const { manager } = require('./datamanager.js')
const { doSort } = require('./sort.js')
const storageModule = require('./storage.js')

const getFilteredSubSet = (filter) =>
    manager.allData.tests.filter(({ result }) => filter.includes(result.toLowerCase()))

const doInitFilter = () => {
    const currentFilter = storageModule.getVisible()
    const filteredSubset = getFilteredSubSet(currentFilter)
    manager.setRender(filteredSubset)
}

const doFilter = (type, show) => {
    if (show) {
        storageModule.showCategory(type)
    } else {
        storageModule.hideCategory(type)
    }

    const currentFilter = storageModule.getVisible()
    const filteredSubset = getFilteredSubSet(currentFilter)
    manager.setRender(filteredSubset)

    const sortColumn = storageModule.getSort()
    doSort(sortColumn, true)
}

module.exports = {
    doFilter,
    doInitFilter,
}

},{"./datamanager.js":1,"./sort.js":7,"./storage.js":8}],4:[function(require,module,exports){
const { redraw, bindEvents, renderStatic } = require('./main.js')
const { doInitFilter } = require('./filter.js')
const { doInitSort } = require('./sort.js')
const { manager } = require('./datamanager.js')
const data = JSON.parse(document.getElementById('data-container').dataset.jsonblob)

function init() {
    manager.setManager(data)
    doInitFilter()
    doInitSort()
    renderStatic()
    redraw()
    bindEvents()
}

init()

},{"./datamanager.js":1,"./filter.js":3,"./main.js":5,"./sort.js":7}],5:[function(require,module,exports){
const { dom, find, findAll } = require('./dom.js')
const { manager } = require('./datamanager.js')
const { doSort } = require('./sort.js')
const { doFilter } = require('./filter.js')
const {
    getVisible,
    getCollapsedIds,
    setCollapsedIds,
    getSort,
    getSortDirection,
    possibleFilters,
} = require('./storage.js')

const removeChildren = (node) => {
    while (node.firstChild) {
        node.removeChild(node.firstChild)
    }
}

const renderStatic = () => {
    const renderEnvironmentTable = () => {
        const environment = manager.environment
        const rows = Object.keys(environment).map((key) => dom.getStaticRow(key, environment[key]))
        const table = document.getElementById('environment')
        removeChildren(table)
        rows.forEach((row) => table.appendChild(row))
    }
    renderEnvironmentTable()
}

const addItemToggleListener = (elem) => {
    elem.addEventListener('click', ({ target }) => {
        const id = target.parentElement.dataset.id
        manager.toggleCollapsedItem(id)

        const collapsedIds = getCollapsedIds()
        if (collapsedIds.includes(id)) {
            const updated = collapsedIds.filter((item) => item !== id)
            setCollapsedIds(updated)
        } else {
            collapsedIds.push(id)
            setCollapsedIds(collapsedIds)
        }
        redraw()
    })
}

const renderContent = (tests) => {
    const sortAttr = getSort(manager.initialSort)
    const sortAsc = JSON.parse(getSortDirection())
    const rows = tests.map(dom.getResultTBody)
    const table = document.getElementById('results-table')
    const tableHeader = document.getElementById('results-table-head')

    const newTable = document.createElement('table')
    newTable.id = 'results-table'

    // remove all sorting classes and set the relevant
    findAll('.sortable', tableHeader).forEach((elem) => elem.classList.remove('asc', 'desc'))
    tableHeader.querySelector(`.sortable[data-column-type="${sortAttr}"]`)?.classList.add(sortAsc ? 'desc' : 'asc')
    newTable.appendChild(tableHeader)

    if (!rows.length) {
        const emptyTable = document.getElementById('template_results-table__body--empty').content.cloneNode(true)
        newTable.appendChild(emptyTable)
    } else {
        rows.forEach((row) => {
            if (!!row) {
                findAll('.collapsible td:not(.col-links', row).forEach(addItemToggleListener)
                find('.logexpander', row).addEventListener('click',
                    (evt) => evt.target.parentNode.classList.toggle('expanded'),
                )
                newTable.appendChild(row)
            }
        })
    }

    table.replaceWith(newTable)
}

const renderDerived = () => {
    const currentFilter = getVisible()
    possibleFilters.forEach((result) => {
        const input = document.querySelector(`input[data-test-result="${result}"]`)
        input.checked = currentFilter.includes(result)
    })
}

const bindEvents = () => {
    const filterColumn = (evt) => {
        const { target: element } = evt
        const { testResult } = element.dataset

        doFilter(testResult, element.checked)
        const collapsedIds = getCollapsedIds()
        const updated = manager.renderData.tests.map((test) => {
            return {
                ...test,
                collapsed: collapsedIds.includes(test.id),
            }
        })
        manager.setRender(updated)
        redraw()
    }

    const header = document.getElementById('environment-header')
    header.addEventListener('click', () => {
        const table = document.getElementById('environment')
        table.classList.toggle('hidden')
        header.classList.toggle('collapsed')
    })

    findAll('input[name="filter_checkbox"]').forEach((elem) => {
        elem.addEventListener('click', filterColumn)
    })

    findAll('.sortable').forEach((elem) => {
        elem.addEventListener('click', (evt) => {
            const { target: element } = evt
            const { columnType } = element.dataset
            doSort(columnType)
            redraw()
        })
    })

    document.getElementById('show_all_details').addEventListener('click', () => {
        manager.allCollapsed = false
        setCollapsedIds([])
        redraw()
    })
    document.getElementById('hide_all_details').addEventListener('click', () => {
        manager.allCollapsed = true
        const allIds = manager.renderData.tests.map((test) => test.id)
        setCollapsedIds(allIds)
        redraw()
    })
}

const redraw = () => {
    const { testSubset } = manager

    renderContent(testSubset)
    renderDerived()
}

module.exports = {
    redraw,
    bindEvents,
    renderStatic,
}

},{"./datamanager.js":1,"./dom.js":2,"./filter.js":3,"./sort.js":7,"./storage.js":8}],6:[function(require,module,exports){
class MediaViewer {
    constructor(assets) {
        this.assets = assets
        this.index = 0
    }

    nextActive() {
        this.index = this.index === this.assets.length - 1 ? 0 : this.index + 1
        return [this.activeFile, this.index]
    }

    prevActive() {
        this.index = this.index === 0 ? this.assets.length - 1 : this.index -1
        return [this.activeFile, this.index]
    }

    get currentIndex() {
        return this.index
    }

    get activeFile() {
        return this.assets[this.index]
    }
}


const setup = (resultBody, assets) => {
    if (!assets.length) {
        resultBody.querySelector('.media').classList.add('hidden')
        return
    }

    const mediaViewer = new MediaViewer(assets)
    const container = resultBody.querySelector('.media-container')
    const leftArrow = resultBody.querySelector('.media-container__nav--left')
    const rightArrow = resultBody.querySelector('.media-container__nav--right')
    const mediaName = resultBody.querySelector('.media__name')
    const counter = resultBody.querySelector('.media__counter')
    const imageEl = resultBody.querySelector('img')
    const sourceEl = resultBody.querySelector('source')
    const videoEl = resultBody.querySelector('video')

    const setImg = (media, index) => {
        if (media?.format_type === 'image') {
            imageEl.src = media.path

            imageEl.classList.remove('hidden')
            videoEl.classList.add('hidden')
        } else if (media?.format_type === 'video') {
            sourceEl.src = media.path

            videoEl.classList.remove('hidden')
            imageEl.classList.add('hidden')
        }

        mediaName.innerText = media?.name
        counter.innerText = `${index + 1} / ${assets.length}`
    }
    setImg(mediaViewer.activeFile, mediaViewer.currentIndex)

    const moveLeft = () => {
        const [media, index] = mediaViewer.prevActive()
        setImg(media, index)
    }
    const doRight = () => {
        const [media, index] = mediaViewer.nextActive()
        setImg(media, index)
    }
    const openImg = () => {
        window.open(mediaViewer.activeFile.path, '_blank')
    }
    if (assets.length === 1) {
        container.classList.add('media-container--fullscreen')
    } else {
        leftArrow.addEventListener('click', moveLeft)
        rightArrow.addEventListener('click', doRight)
    }
    imageEl.addEventListener('click', openImg)
}

module.exports = {
    setup,
}

},{}],7:[function(require,module,exports){
const { manager } = require('./datamanager.js')
const storageModule = require('./storage.js')

const genericSort = (list, key, ascending, customOrder) => {
    let sorted
    if (customOrder) {
        sorted = list.sort((a, b) => {
            const aValue = a.result.toLowerCase()
            const bValue = b.result.toLowerCase()

            const aIndex = customOrder.findIndex((item) => item.toLowerCase() === aValue)
            const bIndex = customOrder.findIndex((item) => item.toLowerCase() === bValue)

            // Compare the indices to determine the sort order
            return aIndex - bIndex
        })
    } else {
        sorted = list.sort((a, b) => a[key] === b[key] ? 0 : a[key] > b[key] ? 1 : -1)
    }

    if (ascending) {
        sorted.reverse()
    }
    return sorted
}

const durationSort = (list, ascending) => {
    const parseDuration = (duration) => {
        if (duration.includes(':')) {
            // If it's in the format "HH:mm:ss"
            const [hours, minutes, seconds] = duration.split(':').map(Number)
            return (hours * 3600 + minutes * 60 + seconds) * 1000
        } else {
            // If it's in the format "nnn ms"
            return parseInt(duration)
        }
    }
    const sorted = list.sort((a, b) => parseDuration(a['duration']) - parseDuration(b['duration']))
    if (ascending) {
        sorted.reverse()
    }
    return sorted
}

const doInitSort = () => {
    const type = storageModule.getSort(manager.initialSort)
    const ascending = storageModule.getSortDirection()
    const list = manager.testSubset
    const initialOrder = ['Error', 'Failed', 'Rerun', 'XFailed', 'XPassed', 'Skipped', 'Passed']

    storageModule.setSort(type)
    storageModule.setSortDirection(ascending)

    if (type?.toLowerCase() === 'original') {
        manager.setRender(list)
    } else {
        let sortedList
        switch (type) {
        case 'duration':
            sortedList = durationSort(list, ascending)
            break
        case 'result':
            sortedList = genericSort(list, type, ascending, initialOrder)
            break
        default:
            sortedList = genericSort(list, type, ascending)
            break
        }
        manager.setRender(sortedList)
    }
}

const doSort = (type, skipDirection) => {
    const newSortType = storageModule.getSort(manager.initialSort) !== type
    const currentAsc = storageModule.getSortDirection()
    let ascending
    if (skipDirection) {
        ascending = currentAsc
    } else {
        ascending = newSortType ? false : !currentAsc
    }
    storageModule.setSort(type)
    storageModule.setSortDirection(ascending)

    const list = manager.testSubset
    const sortedList = type === 'duration' ? durationSort(list, ascending) : genericSort(list, type, ascending)
    manager.setRender(sortedList)
}

module.exports = {
    doInitSort,
    doSort,
}

},{"./datamanager.js":1,"./storage.js":8}],8:[function(require,module,exports){
const possibleFilters = [
    'passed',
    'skipped',
    'failed',
    'error',
    'xfailed',
    'xpassed',
    'rerun',
]

const getVisible = () => {
    const url = new URL(window.location.href)
    const settings = new URLSearchParams(url.search).get('visible')
    const lower = (item) => {
        const lowerItem = item.toLowerCase()
        if (possibleFilters.includes(lowerItem)) {
            return lowerItem
        }
        return null
    }
    return settings === null ?
        possibleFilters :
        [...new Set(settings?.split(',').map(lower).filter((item) => item))]
}

const hideCategory = (categoryToHide) => {
    const url = new URL(window.location.href)
    const visibleParams = new URLSearchParams(url.search).get('visible')
    const currentVisible = visibleParams ? visibleParams.split(',') : [...possibleFilters]
    const settings = [...new Set(currentVisible)].filter((f) => f !== categoryToHide).join(',')

    url.searchParams.set('visible', settings)
    window.history.pushState({}, null, unescape(url.href))
}

const showCategory = (categoryToShow) => {
    if (typeof window === 'undefined') {
        return
    }
    const url = new URL(window.location.href)
    const currentVisible = new URLSearchParams(url.search).get('visible')?.split(',').filter(Boolean) ||
        [...possibleFilters]
    const settings = [...new Set([categoryToShow, ...currentVisible])]
    const noFilter = possibleFilters.length === settings.length || !settings.length

    noFilter ? url.searchParams.delete('visible') : url.searchParams.set('visible', settings.join(','))
    window.history.pushState({}, null, unescape(url.href))
}

const getSort = (initialSort) => {
    const url = new URL(window.location.href)
    let sort = new URLSearchParams(url.search).get('sort')
    if (!sort) {
        sort = initialSort || 'result'
    }
    return sort
}

const setSort = (type) => {
    const url = new URL(window.location.href)
    url.searchParams.set('sort', type)
    window.history.pushState({}, null, unescape(url.href))
}

const getCollapsedCategory = (renderCollapsed) => {
    let categories
    if (typeof window !== 'undefined') {
        const url = new URL(window.location.href)
        const collapsedItems = new URLSearchParams(url.search).get('collapsed')
        switch (true) {
        case !renderCollapsed && collapsedItems === null:
            categories = ['passed']
            break
        case collapsedItems?.length === 0 || /^["']{2}$/.test(collapsedItems):
            categories = []
            break
        case /^all$/.test(collapsedItems) || collapsedItems === null && /^all$/.test(renderCollapsed):
            categories = [...possibleFilters]
            break
        default:
            categories = collapsedItems?.split(',').map((item) => item.toLowerCase()) || renderCollapsed
            break
        }
    } else {
        categories = []
    }
    return categories
}

const getSortDirection = () => JSON.parse(sessionStorage.getItem('sortAsc')) || false
const setSortDirection = (ascending) => sessionStorage.setItem('sortAsc', ascending)

const getCollapsedIds = () => JSON.parse(sessionStorage.getItem('collapsedIds')) || []
const setCollapsedIds = (list) => sessionStorage.setItem('collapsedIds', JSON.stringify(list))

module.exports = {
    getVisible,
    hideCategory,
    showCategory,
    getCollapsedIds,
    setCollapsedIds,
    getSort,
    setSort,
    getSortDirection,
    setSortDirection,
    getCollapsedCategory,
    possibleFilters,
}

},{}]},{},[4]);
    </script>
  </footer>
</html>